{"D:\\MAGIC SOFTWARE PROJECT\\movie_explorer_reactjs_tanya\\src\\components\\Login.tsx": {"path":"D:\\MAGIC SOFTWARE PROJECT\\movie_explorer_reactjs_tanya\\src\\components\\Login.tsx","statementMap":{"0":{"start":{"line":4,"column":0},"end":{"line":4,"column":40}},"1":{"start":{"line":5,"column":0},"end":{"line":5,"column":43}},"2":{"start":{"line":6,"column":0},"end":{"line":6,"column":56}},"3":{"start":{"line":7,"column":0},"end":{"line":7,"column":47}},"4":{"start":{"line":9,"column":24},"end":{"line":104,"column":1}},"5":{"start":{"line":10,"column":28},"end":{"line":10,"column":48}},"6":{"start":{"line":11,"column":34},"end":{"line":11,"column":54}},"7":{"start":{"line":12,"column":42},"end":{"line":12,"column":66}},"8":{"start":{"line":13,"column":32},"end":{"line":13,"column":56}},"9":{"start":{"line":14,"column":19},"end":{"line":14,"column":32}},"10":{"start":{"line":16,"column":22},"end":{"line":54,"column":3}},"11":{"start":{"line":17,"column":23},"end":{"line":17,"column":76}},"12":{"start":{"line":18,"column":4},"end":{"line":23,"column":5}},"13":{"start":{"line":19,"column":6},"end":{"line":21,"column":8}},"14":{"start":{"line":22,"column":6},"end":{"line":22,"column":13}},"15":{"start":{"line":26,"column":6},"end":{"line":26,"column":74}},"16":{"start":{"line":27,"column":4},"end":{"line":32,"column":5}},"17":{"start":{"line":28,"column":6},"end":{"line":30,"column":8}},"18":{"start":{"line":31,"column":6},"end":{"line":31,"column":13}},"19":{"start":{"line":34,"column":4},"end":{"line":34,"column":21}},"20":{"start":{"line":35,"column":20},"end":{"line":35,"column":39}},"21":{"start":{"line":37,"column":4},"end":{"line":53,"column":5}},"22":{"start":{"line":38,"column":23},"end":{"line":38,"column":50}},"23":{"start":{"line":39,"column":6},"end":{"line":47,"column":7}},"24":{"start":{"line":40,"column":8},"end":{"line":40,"column":51}},"25":{"start":{"line":41,"column":8},"end":{"line":41,"column":35}},"26":{"start":{"line":42,"column":8},"end":{"line":42,"column":54}},"27":{"start":{"line":43,"column":8},"end":{"line":43,"column":63}},"28":{"start":{"line":44,"column":8},"end":{"line":44,"column":31}},"29":{"start":{"line":46,"column":8},"end":{"line":46,"column":62}},"30":{"start":{"line":49,"column":6},"end":{"line":49,"column":50}},"31":{"start":{"line":50,"column":6},"end":{"line":50,"column":47}},"32":{"start":{"line":52,"column":6},"end":{"line":52,"column":24}},"33":{"start":{"line":56,"column":2},"end":{"line":103,"column":4}},"34":{"start":{"line":66,"column":27},"end":{"line":66,"column":51}},"35":{"start":{"line":75,"column":29},"end":{"line":75,"column":56}},"36":{"start":{"line":81,"column":27},"end":{"line":81,"column":59}},"37":{"start":{"line":81,"column":53},"end":{"line":81,"column":58}},"38":{"start":{"line":106,"column":0},"end":{"line":106,"column":21}}},"fnMap":{"0":{"name":"(anonymous_9)","decl":{"start":{"line":9,"column":24},"end":{"line":9,"column":27}},"loc":{"start":{"line":9,"column":29},"end":{"line":104,"column":1}}},"1":{"name":"(anonymous_10)","decl":{"start":{"line":16,"column":22},"end":{"line":16,"column":27}},"loc":{"start":{"line":16,"column":33},"end":{"line":54,"column":3}}},"2":{"name":"(anonymous_11)","decl":{"start":{"line":66,"column":20},"end":{"line":66,"column":21}},"loc":{"start":{"line":66,"column":27},"end":{"line":66,"column":51}}},"3":{"name":"(anonymous_12)","decl":{"start":{"line":75,"column":22},"end":{"line":75,"column":23}},"loc":{"start":{"line":75,"column":29},"end":{"line":75,"column":56}}},"4":{"name":"(anonymous_13)","decl":{"start":{"line":81,"column":21},"end":{"line":81,"column":24}},"loc":{"start":{"line":81,"column":27},"end":{"line":81,"column":59}}},"5":{"name":"(anonymous_14)","decl":{"start":{"line":81,"column":43},"end":{"line":81,"column":44}},"loc":{"start":{"line":81,"column":53},"end":{"line":81,"column":58}}}},"branchMap":{"0":{"loc":{"start":{"line":18,"column":4},"end":{"line":23,"column":5}},"type":"if","locations":[{"start":{"line":18,"column":4},"end":{"line":23,"column":5}}]},"1":{"loc":{"start":{"line":27,"column":4},"end":{"line":32,"column":5}},"type":"if","locations":[{"start":{"line":27,"column":4},"end":{"line":32,"column":5}}]},"2":{"loc":{"start":{"line":39,"column":6},"end":{"line":47,"column":7}},"type":"if","locations":[{"start":{"line":39,"column":6},"end":{"line":47,"column":7}},{"start":{"line":45,"column":13},"end":{"line":47,"column":7}}]},"3":{"loc":{"start":{"line":72,"column":18},"end":{"line":72,"column":52}},"type":"cond-expr","locations":[{"start":{"line":72,"column":33},"end":{"line":72,"column":39}},{"start":{"line":72,"column":42},"end":{"line":72,"column":52}}]},"4":{"loc":{"start":{"line":83,"column":13},"end":{"line":83,"column":68}},"type":"cond-expr","locations":[{"start":{"line":83,"column":28},"end":{"line":83,"column":48}},{"start":{"line":83,"column":51},"end":{"line":83,"column":68}}]},"5":{"loc":{"start":{"line":92,"column":11},"end":{"line":92,"column":48}},"type":"cond-expr","locations":[{"start":{"line":92,"column":21},"end":{"line":92,"column":36}},{"start":{"line":92,"column":39},"end":{"line":92,"column":48}}]}},"s":{"0":1,"1":1,"2":1,"3":1,"4":1,"5":14,"6":14,"7":14,"8":14,"9":14,"10":14,"11":3,"12":3,"13":1,"14":1,"15":2,"16":2,"17":1,"18":1,"19":1,"20":1,"21":1,"22":1,"23":0,"24":0,"25":0,"26":0,"27":0,"28":0,"29":0,"30":0,"31":0,"32":0,"33":14,"34":4,"35":4,"36":0,"37":0,"38":1},"f":{"0":14,"1":3,"2":4,"3":4,"4":0,"5":0},"b":{"0":[1],"1":[1],"2":[0,0],"3":[0,14],"4":[0,14],"5":[1,13]}}
,"D:\\MAGIC SOFTWARE PROJECT\\movie_explorer_reactjs_tanya\\src\\pages\\MovieDetail.tsx": {"path":"D:\\MAGIC SOFTWARE PROJECT\\movie_explorer_reactjs_tanya\\src\\pages\\MovieDetail.tsx","statementMap":{"0":{"start":{"line":2,"column":0},"end":{"line":2,"column":51}},"1":{"start":{"line":3,"column":0},"end":{"line":3,"column":45}},"2":{"start":{"line":4,"column":0},"end":{"line":4,"column":26}},"3":{"start":{"line":6,"column":16},"end":{"line":6,"column":71}},"4":{"start":{"line":8,"column":21},"end":{"line":144,"column":1}},"5":{"start":{"line":9,"column":17},"end":{"line":9,"column":28}},"6":{"start":{"line":10,"column":28},"end":{"line":10,"column":47}},"7":{"start":{"line":11,"column":44},"end":{"line":11,"column":63}},"8":{"start":{"line":13,"column":2},"end":{"line":37,"column":11}},"9":{"start":{"line":14,"column":23},"end":{"line":34,"column":5}},"10":{"start":{"line":15,"column":6},"end":{"line":33,"column":7}},"11":{"start":{"line":16,"column":25},"end":{"line":16,"column":53}},"12":{"start":{"line":17,"column":22},"end":{"line":17,"column":66}},"13":{"start":{"line":19,"column":25},"end":{"line":27,"column":null}},"14":{"start":{"line":30,"column":8},"end":{"line":30,"column":32}},"15":{"start":{"line":32,"column":8},"end":{"line":32,"column":52}},"16":{"start":{"line":36,"column":4},"end":{"line":36,"column":17}},"17":{"start":{"line":39,"column":2},"end":{"line":68,"column":14}},"18":{"start":{"line":40,"column":31},"end":{"line":65,"column":5}},"19":{"start":{"line":41,"column":6},"end":{"line":64,"column":7}},"20":{"start":{"line":42,"column":25},"end":{"line":47,"column":10}},"21":{"start":{"line":49,"column":26},"end":{"line":49,"column":46}},"22":{"start":{"line":50,"column":8},"end":{"line":61,"column":9}},"23":{"start":{"line":51,"column":30},"end":{"line":51,"column":95}},"24":{"start":{"line":51,"column":72},"end":{"line":51,"column":94}},"25":{"start":{"line":52,"column":27},"end":{"line":58,"column":null}},"26":{"start":{"line":54,"column":14},"end":{"line":58,"column":61}},"27":{"start":{"line":57,"column":36},"end":{"line":57,"column":58}},"28":{"start":{"line":58,"column":37},"end":{"line":58,"column":60}},"29":{"start":{"line":60,"column":10},"end":{"line":60,"column":37}},"30":{"start":{"line":63,"column":8},"end":{"line":63,"column":61}},"31":{"start":{"line":67,"column":4},"end":{"line":67,"column":36}},"32":{"start":{"line":67,"column":15},"end":{"line":67,"column":36}},"33":{"start":{"line":70,"column":2},"end":{"line":70,"column":70}},"34":{"start":{"line":70,"column":14},"end":{"line":70,"column":70}},"35":{"start":{"line":72,"column":2},"end":{"line":143,"column":4}},"36":{"start":{"line":95,"column":16},"end":{"line":96,"column":null}},"37":{"start":{"line":120,"column":8},"end":{"line":121,"column":null}},"38":{"start":{"line":146,"column":0},"end":{"line":146,"column":28}}},"fnMap":{"0":{"name":"(anonymous_10)","decl":{"start":{"line":8,"column":21},"end":{"line":8,"column":24}},"loc":{"start":{"line":8,"column":26},"end":{"line":144,"column":1}}},"1":{"name":"(anonymous_11)","decl":{"start":{"line":13,"column":12},"end":{"line":13,"column":15}},"loc":{"start":{"line":13,"column":17},"end":{"line":37,"column":3}}},"2":{"name":"(anonymous_12)","decl":{"start":{"line":14,"column":23},"end":{"line":14,"column":28}},"loc":{"start":{"line":14,"column":34},"end":{"line":34,"column":5}}},"3":{"name":"(anonymous_13)","decl":{"start":{"line":39,"column":12},"end":{"line":39,"column":15}},"loc":{"start":{"line":39,"column":17},"end":{"line":68,"column":3}}},"4":{"name":"(anonymous_14)","decl":{"start":{"line":40,"column":31},"end":{"line":40,"column":36}},"loc":{"start":{"line":40,"column":42},"end":{"line":65,"column":5}}},"5":{"name":"(anonymous_15)","decl":{"start":{"line":51,"column":57},"end":{"line":51,"column":58}},"loc":{"start":{"line":51,"column":72},"end":{"line":51,"column":94}}},"6":{"name":"(anonymous_16)","decl":{"start":{"line":53,"column":12},"end":{"line":53,"column":13}},"loc":{"start":{"line":54,"column":14},"end":{"line":58,"column":61}}},"7":{"name":"(anonymous_17)","decl":{"start":{"line":57,"column":21},"end":{"line":57,"column":22}},"loc":{"start":{"line":57,"column":36},"end":{"line":57,"column":58}}},"8":{"name":"(anonymous_18)","decl":{"start":{"line":58,"column":22},"end":{"line":58,"column":23}},"loc":{"start":{"line":58,"column":37},"end":{"line":58,"column":60}}},"9":{"name":"(anonymous_19)","decl":{"start":{"line":94,"column":42},"end":{"line":94,"column":43}},"loc":{"start":{"line":95,"column":16},"end":{"line":96,"column":null}}},"10":{"name":"(anonymous_20)","decl":{"start":{"line":119,"column":25},"end":{"line":119,"column":26}},"loc":{"start":{"line":120,"column":8},"end":{"line":121,"column":null}}}},"branchMap":{"0":{"loc":{"start":{"line":17,"column":22},"end":{"line":17,"column":66}},"type":"cond-expr","locations":[{"start":{"line":17,"column":33},"end":{"line":17,"column":59}},{"start":{"line":17,"column":62},"end":{"line":17,"column":66}}]},"1":{"loc":{"start":{"line":25,"column":18},"end":{"line":25,"column":63}},"type":"binary-expr","locations":[{"start":{"line":25,"column":18},"end":{"line":25,"column":23}},{"start":{"line":25,"column":27},"end":{"line":25,"column":63}}]},"2":{"loc":{"start":{"line":50,"column":8},"end":{"line":61,"column":9}},"type":"if","locations":[{"start":{"line":50,"column":8},"end":{"line":61,"column":9}}]},"3":{"loc":{"start":{"line":54,"column":14},"end":{"line":58,"column":61}},"type":"binary-expr","locations":[{"start":{"line":54,"column":14},"end":{"line":54,"column":31}},{"start":{"line":55,"column":14},"end":{"line":58,"column":61}}]},"4":{"loc":{"start":{"line":67,"column":4},"end":{"line":67,"column":36}},"type":"if","locations":[{"start":{"line":67,"column":4},"end":{"line":67,"column":36}}]},"5":{"loc":{"start":{"line":70,"column":2},"end":{"line":70,"column":70}},"type":"if","locations":[{"start":{"line":70,"column":2},"end":{"line":70,"column":70}}]},"6":{"loc":{"start":{"line":115,"column":1},"end":{"line":135,"column":null}},"type":"binary-expr","locations":[{"start":{"line":115,"column":1},"end":{"line":115,"column":25}},{"start":{"line":116,"column":2},"end":{"line":134,"column":null}}]}},"s":{"0":1,"1":1,"2":1,"3":1,"4":1,"5":2,"6":2,"7":2,"8":2,"9":2,"10":2,"11":2,"12":2,"13":2,"14":1,"15":2,"16":2,"17":2,"18":2,"19":0,"20":0,"21":0,"22":0,"23":0,"24":0,"25":0,"26":0,"27":0,"28":0,"29":0,"30":0,"31":2,"32":0,"33":2,"34":2,"35":0,"36":0,"37":0,"38":1},"f":{"0":2,"1":2,"2":2,"3":2,"4":0,"5":0,"6":0,"7":0,"8":0,"9":0,"10":0},"b":{"0":[2,0],"1":[2,2],"2":[0],"3":[0,0],"4":[0],"5":[2],"6":[0,0]}}
,"D:\\MAGIC SOFTWARE PROJECT\\movie_explorer_reactjs_tanya\\src\\services\\UserServices.tsx": {"path":"D:\\MAGIC SOFTWARE PROJECT\\movie_explorer_reactjs_tanya\\src\\services\\UserServices.tsx","statementMap":{"0":{"start":{"line":1,"column":0},"end":{"line":1,"column":26}},"1":{"start":{"line":12,"column":29},"end":{"line":42,"column":5}},"2":{"start":{"line":13,"column":2},"end":{"line":13,"column":47}},"3":{"start":{"line":14,"column":24},"end":{"line":22,"column":null}},"4":{"start":{"line":24,"column":2},"end":{"line":41,"column":9}},"5":{"start":{"line":30,"column":6},"end":{"line":30,"column":54}},"6":{"start":{"line":31,"column":6},"end":{"line":31,"column":27}},"7":{"start":{"line":34,"column":8},"end":{"line":39,"column":9}},"8":{"start":{"line":35,"column":10},"end":{"line":35,"column":63}},"9":{"start":{"line":36,"column":10},"end":{"line":36,"column":103}},"10":{"start":{"line":38,"column":10},"end":{"line":38,"column":57}},"11":{"start":{"line":40,"column":8},"end":{"line":40,"column":20}},"12":{"start":{"line":12,"column":13},"end":{"line":12,"column":29}},"13":{"start":{"line":68,"column":28},"end":{"line":97,"column":1}},"14":{"start":{"line":69,"column":30},"end":{"line":69,"column":37}},"15":{"start":{"line":70,"column":2},"end":{"line":70,"column":40}},"16":{"start":{"line":72,"column":2},"end":{"line":96,"column":3}},"17":{"start":{"line":73,"column":23},"end":{"line":82,"column":null}},"18":{"start":{"line":84,"column":6},"end":{"line":84,"column":50}},"19":{"start":{"line":85,"column":19},"end":{"line":85,"column":71}},"20":{"start":{"line":86,"column":6},"end":{"line":86,"column":35}},"21":{"start":{"line":87,"column":6},"end":{"line":87,"column":67}},"22":{"start":{"line":88,"column":41},"end":{"line":90,"column":null}},"23":{"start":{"line":92,"column":6},"end":{"line":92,"column":26}},"24":{"start":{"line":95,"column":6},"end":{"line":95,"column":62}},"25":{"start":{"line":68,"column":13},"end":{"line":68,"column":28}},"26":{"start":{"line":113,"column":28},"end":{"line":130,"column":1}},"27":{"start":{"line":114,"column":2},"end":{"line":129,"column":3}},"28":{"start":{"line":115,"column":23},"end":{"line":121,"column":12}},"29":{"start":{"line":122,"column":35},"end":{"line":122,"column":48}},"30":{"start":{"line":123,"column":10},"end":{"line":123,"column":48}},"31":{"start":{"line":125,"column":10},"end":{"line":125,"column":24}},"32":{"start":{"line":128,"column":6},"end":{"line":128,"column":43}},"33":{"start":{"line":113,"column":13},"end":{"line":113,"column":28}},"34":{"start":{"line":132,"column":28},"end":{"line":146,"column":1}},"35":{"start":{"line":133,"column":2},"end":{"line":145,"column":3}},"36":{"start":{"line":134,"column":21},"end":{"line":139,"column":6}},"37":{"start":{"line":140,"column":25},"end":{"line":140,"column":38}},"38":{"start":{"line":141,"column":4},"end":{"line":141,"column":46}},"39":{"start":{"line":142,"column":4},"end":{"line":142,"column":17}},"40":{"start":{"line":144,"column":4},"end":{"line":144,"column":61}},"41":{"start":{"line":132,"column":13},"end":{"line":132,"column":28}},"42":{"start":{"line":158,"column":34},"end":{"line":195,"column":1}},"43":{"start":{"line":159,"column":2},"end":{"line":194,"column":3}},"44":{"start":{"line":160,"column":18},"end":{"line":160,"column":47}},"45":{"start":{"line":161,"column":4},"end":{"line":163,"column":5}},"46":{"start":{"line":162,"column":6},"end":{"line":162,"column":74}},"47":{"start":{"line":167,"column":4},"end":{"line":169,"column":5}},"48":{"start":{"line":168,"column":6},"end":{"line":168,"column":69}},"49":{"start":{"line":171,"column":4},"end":{"line":171,"column":56}},"50":{"start":{"line":172,"column":4},"end":{"line":172,"column":44}},"51":{"start":{"line":174,"column":21},"end":{"line":181,"column":6}},"52":{"start":{"line":183,"column":4},"end":{"line":186,"column":5}},"53":{"start":{"line":184,"column":42},"end":{"line":184,"column":81}},"54":{"start":{"line":184,"column":77},"end":{"line":184,"column":79}},"55":{"start":{"line":185,"column":6},"end":{"line":185,"column":138}},"56":{"start":{"line":188,"column":17},"end":{"line":188,"column":38}},"57":{"start":{"line":189,"column":4},"end":{"line":189,"column":68}},"58":{"start":{"line":190,"column":4},"end":{"line":190,"column":16}},"59":{"start":{"line":192,"column":4},"end":{"line":192,"column":67}},"60":{"start":{"line":193,"column":4},"end":{"line":193,"column":16}},"61":{"start":{"line":158,"column":13},"end":{"line":158,"column":34}}},"fnMap":{"0":{"name":"(anonymous_1)","decl":{"start":{"line":12,"column":29},"end":{"line":12,"column":30}},"loc":{"start":{"line":12,"column":56},"end":{"line":42,"column":5}}},"1":{"name":"(anonymous_2)","decl":{"start":{"line":29,"column":10},"end":{"line":29,"column":11}},"loc":{"start":{"line":29,"column":23},"end":{"line":32,"column":5}}},"2":{"name":"(anonymous_3)","decl":{"start":{"line":33,"column":11},"end":{"line":33,"column":12}},"loc":{"start":{"line":33,"column":21},"end":{"line":41,"column":7}}},"3":{"name":"(anonymous_4)","decl":{"start":{"line":68,"column":28},"end":{"line":68,"column":33}},"loc":{"start":{"line":68,"column":83},"end":{"line":97,"column":1}}},"4":{"name":"(anonymous_5)","decl":{"start":{"line":113,"column":28},"end":{"line":113,"column":33}},"loc":{"start":{"line":113,"column":37},"end":{"line":130,"column":1}}},"5":{"name":"(anonymous_6)","decl":{"start":{"line":132,"column":28},"end":{"line":132,"column":33}},"loc":{"start":{"line":132,"column":49},"end":{"line":146,"column":1}}},"6":{"name":"(anonymous_7)","decl":{"start":{"line":158,"column":34},"end":{"line":158,"column":39}},"loc":{"start":{"line":158,"column":72},"end":{"line":195,"column":1}}},"7":{"name":"(anonymous_8)","decl":{"start":{"line":184,"column":70},"end":{"line":184,"column":73}},"loc":{"start":{"line":184,"column":77},"end":{"line":184,"column":79}}}},"branchMap":{"0":{"loc":{"start":{"line":34,"column":8},"end":{"line":39,"column":9}},"type":"if","locations":[{"start":{"line":34,"column":8},"end":{"line":39,"column":9}},{"start":{"line":37,"column":15},"end":{"line":39,"column":9}}]},"1":{"loc":{"start":{"line":34,"column":12},"end":{"line":34,"column":49}},"type":"binary-expr","locations":[{"start":{"line":34,"column":12},"end":{"line":34,"column":26}},{"start":{"line":34,"column":30},"end":{"line":34,"column":49}}]},"2":{"loc":{"start":{"line":36,"column":49},"end":{"line":36,"column":98}},"type":"binary-expr","locations":[{"start":{"line":36,"column":49},"end":{"line":36,"column":75}},{"start":{"line":36,"column":79},"end":{"line":36,"column":98}}]},"3":{"loc":{"start":{"line":161,"column":4},"end":{"line":163,"column":5}},"type":"if","locations":[{"start":{"line":161,"column":4},"end":{"line":163,"column":5}}]},"4":{"loc":{"start":{"line":167,"column":4},"end":{"line":169,"column":5}},"type":"if","locations":[{"start":{"line":167,"column":4},"end":{"line":169,"column":5}}]},"5":{"loc":{"start":{"line":183,"column":4},"end":{"line":186,"column":5}},"type":"if","locations":[{"start":{"line":183,"column":4},"end":{"line":186,"column":5}}]},"6":{"loc":{"start":{"line":185,"column":98},"end":{"line":185,"column":134}},"type":"binary-expr","locations":[{"start":{"line":185,"column":98},"end":{"line":185,"column":115}},{"start":{"line":185,"column":119},"end":{"line":185,"column":134}}]}},"s":{"0":1,"1":1,"2":0,"3":0,"4":0,"5":0,"6":0,"7":0,"8":0,"9":0,"10":0,"11":0,"12":1,"13":1,"14":1,"15":1,"16":1,"17":1,"18":0,"19":0,"20":0,"21":0,"22":0,"23":0,"24":0,"25":1,"26":1,"27":0,"28":0,"29":0,"30":0,"31":0,"32":0,"33":1,"34":1,"35":0,"36":0,"37":0,"38":0,"39":0,"40":0,"41":1,"42":1,"43":0,"44":0,"45":0,"46":0,"47":0,"48":0,"49":0,"50":0,"51":0,"52":0,"53":0,"54":0,"55":0,"56":0,"57":0,"58":0,"59":0,"60":0,"61":1},"f":{"0":0,"1":0,"2":0,"3":1,"4":0,"5":0,"6":0,"7":0},"b":{"0":[0,0],"1":[0,0],"2":[0,0],"3":[0],"4":[0],"5":[0],"6":[0,0]}}
}
