{"D:\\MAGIC SOFTWARE PROJECT\\movie_explorer_reactjs_tanya\\src\\components\\Footer.tsx": {"path":"D:\\MAGIC SOFTWARE PROJECT\\movie_explorer_reactjs_tanya\\src\\components\\Footer.tsx","statementMap":{"0":{"start":{"line":4,"column":19},"end":{"line":52,"column":1}},"1":{"start":{"line":5,"column":2},"end":{"line":51,"column":4}},"2":{"start":{"line":22,"column":14},"end":{"line":22,"column":null}},"3":{"start":{"line":36,"column":14},"end":{"line":36,"column":null}},"4":{"start":{"line":54,"column":0},"end":{"line":54,"column":22}}},"fnMap":{"0":{"name":"(anonymous_0)","decl":{"start":{"line":4,"column":19},"end":{"line":4,"column":22}},"loc":{"start":{"line":4,"column":24},"end":{"line":52,"column":1}}},"1":{"name":"(anonymous_1)","decl":{"start":{"line":21,"column":67},"end":{"line":21,"column":68}},"loc":{"start":{"line":22,"column":14},"end":{"line":22,"column":null}}},"2":{"name":"(anonymous_2)","decl":{"start":{"line":35,"column":85},"end":{"line":35,"column":86}},"loc":{"start":{"line":36,"column":14},"end":{"line":36,"column":null}}}},"branchMap":{},"s":{"0":1,"1":8,"2":32,"3":32,"4":1},"f":{"0":8,"1":32,"2":32},"b":{}}
,"D:\\MAGIC SOFTWARE PROJECT\\movie_explorer_reactjs_tanya\\src\\components\\Header.tsx": {"path":"D:\\MAGIC SOFTWARE PROJECT\\movie_explorer_reactjs_tanya\\src\\components\\Header.tsx","statementMap":{"0":{"start":{"line":2,"column":0},"end":{"line":2,"column":56}},"1":{"start":{"line":3,"column":0},"end":{"line":3,"column":36}},"2":{"start":{"line":4,"column":0},"end":{"line":4,"column":53}},"3":{"start":{"line":6,"column":19},"end":{"line":115,"column":1}},"4":{"start":{"line":7,"column":42},"end":{"line":7,"column":57}},"5":{"start":{"line":8,"column":34},"end":{"line":8,"column":100}},"6":{"start":{"line":9,"column":22},"end":{"line":9,"column":50}},"7":{"start":{"line":10,"column":19},"end":{"line":10,"column":32}},"8":{"start":{"line":12,"column":2},"end":{"line":32,"column":9}},"9":{"start":{"line":13,"column":21},"end":{"line":25,"column":5}},"10":{"start":{"line":14,"column":25},"end":{"line":14,"column":53}},"11":{"start":{"line":15,"column":6},"end":{"line":24,"column":7}},"12":{"start":{"line":16,"column":8},"end":{"line":23,"column":9}},"13":{"start":{"line":17,"column":25},"end":{"line":17,"column":47}},"14":{"start":{"line":18,"column":10},"end":{"line":20,"column":11}},"15":{"start":{"line":19,"column":12},"end":{"line":19,"column":32}},"16":{"start":{"line":22,"column":10},"end":{"line":22,"column":66}},"17":{"start":{"line":27,"column":4},"end":{"line":27,"column":15}},"18":{"start":{"line":29,"column":32},"end":{"line":29,"column":48}},"19":{"start":{"line":29,"column":38},"end":{"line":29,"column":48}},"20":{"start":{"line":30,"column":4},"end":{"line":30,"column":60}},"21":{"start":{"line":31,"column":4},"end":{"line":31,"column":76}},"22":{"start":{"line":31,"column":17},"end":{"line":31,"column":75}},"23":{"start":{"line":34,"column":2},"end":{"line":42,"column":9}},"24":{"start":{"line":35,"column":31},"end":{"line":39,"column":5}},"25":{"start":{"line":36,"column":6},"end":{"line":38,"column":7}},"26":{"start":{"line":37,"column":8},"end":{"line":37,"column":31}},"27":{"start":{"line":40,"column":4},"end":{"line":40,"column":63}},"28":{"start":{"line":41,"column":4},"end":{"line":41,"column":79}},"29":{"start":{"line":41,"column":17},"end":{"line":41,"column":78}},"30":{"start":{"line":44,"column":23},"end":{"line":52,"column":1}},"31":{"start":{"line":45,"column":2},"end":{"line":45,"column":34}},"32":{"start":{"line":46,"column":2},"end":{"line":46,"column":35}},"33":{"start":{"line":48,"column":19},"end":{"line":48,"column":47}},"34":{"start":{"line":49,"column":2},"end":{"line":49,"column":51}},"35":{"start":{"line":51,"column":2},"end":{"line":51,"column":16}},"36":{"start":{"line":55,"column":36},"end":{"line":55,"column":44}},"37":{"start":{"line":57,"column":2},"end":{"line":114,"column":4}},"38":{"start":{"line":85,"column":23},"end":{"line":85,"column":55}},"39":{"start":{"line":85,"column":49},"end":{"line":85,"column":54}},"40":{"start":{"line":117,"column":0},"end":{"line":117,"column":22}}},"fnMap":{"0":{"name":"(anonymous_0)","decl":{"start":{"line":6,"column":19},"end":{"line":6,"column":22}},"loc":{"start":{"line":6,"column":24},"end":{"line":115,"column":1}}},"1":{"name":"(anonymous_1)","decl":{"start":{"line":12,"column":12},"end":{"line":12,"column":15}},"loc":{"start":{"line":12,"column":17},"end":{"line":32,"column":3}}},"2":{"name":"(anonymous_2)","decl":{"start":{"line":13,"column":21},"end":{"line":13,"column":24}},"loc":{"start":{"line":13,"column":26},"end":{"line":25,"column":5}}},"3":{"name":"(anonymous_3)","decl":{"start":{"line":29,"column":32},"end":{"line":29,"column":35}},"loc":{"start":{"line":29,"column":38},"end":{"line":29,"column":48}}},"4":{"name":"(anonymous_4)","decl":{"start":{"line":31,"column":11},"end":{"line":31,"column":14}},"loc":{"start":{"line":31,"column":17},"end":{"line":31,"column":75}}},"5":{"name":"(anonymous_5)","decl":{"start":{"line":34,"column":12},"end":{"line":34,"column":15}},"loc":{"start":{"line":34,"column":17},"end":{"line":42,"column":3}}},"6":{"name":"(anonymous_6)","decl":{"start":{"line":35,"column":31},"end":{"line":35,"column":32}},"loc":{"start":{"line":35,"column":53},"end":{"line":39,"column":5}}},"7":{"name":"(anonymous_7)","decl":{"start":{"line":41,"column":11},"end":{"line":41,"column":14}},"loc":{"start":{"line":41,"column":17},"end":{"line":41,"column":78}}},"8":{"name":"(anonymous_8)","decl":{"start":{"line":44,"column":23},"end":{"line":44,"column":26}},"loc":{"start":{"line":44,"column":28},"end":{"line":52,"column":1}}},"9":{"name":"(anonymous_9)","decl":{"start":{"line":85,"column":17},"end":{"line":85,"column":20}},"loc":{"start":{"line":85,"column":23},"end":{"line":85,"column":55}}},"10":{"name":"(anonymous_10)","decl":{"start":{"line":85,"column":39},"end":{"line":85,"column":40}},"loc":{"start":{"line":85,"column":49},"end":{"line":85,"column":54}}}},"branchMap":{"0":{"loc":{"start":{"line":15,"column":6},"end":{"line":24,"column":7}},"type":"if","locations":[{"start":{"line":15,"column":6},"end":{"line":24,"column":7}}]},"1":{"loc":{"start":{"line":18,"column":10},"end":{"line":20,"column":11}},"type":"if","locations":[{"start":{"line":18,"column":10},"end":{"line":20,"column":11}}]},"2":{"loc":{"start":{"line":18,"column":14},"end":{"line":18,"column":50}},"type":"binary-expr","locations":[{"start":{"line":18,"column":14},"end":{"line":18,"column":20}},{"start":{"line":18,"column":24},"end":{"line":18,"column":50}}]},"3":{"loc":{"start":{"line":36,"column":6},"end":{"line":38,"column":7}},"type":"if","locations":[{"start":{"line":36,"column":6},"end":{"line":38,"column":7}}]},"4":{"loc":{"start":{"line":36,"column":10},"end":{"line":36,"column":84}},"type":"binary-expr","locations":[{"start":{"line":36,"column":10},"end":{"line":36,"column":29}},{"start":{"line":36,"column":33},"end":{"line":36,"column":84}}]},"5":{"loc":{"start":{"line":61,"column":5},"end":{"line":61,"column":68}},"type":"cond-expr","locations":[{"start":{"line":61,"column":16},"end":{"line":61,"column":38}},{"start":{"line":61,"column":41},"end":{"line":61,"column":68}}]},"6":{"loc":{"start":{"line":69,"column":5},"end":{"line":72,"column":null}},"type":"binary-expr","locations":[{"start":{"line":69,"column":5},"end":{"line":69,"column":26}},{"start":{"line":70,"column":4},"end":{"line":70,"column":null}}]},"7":{"loc":{"start":{"line":74,"column":5},"end":{"line":75,"column":null}},"type":"binary-expr","locations":[{"start":{"line":74,"column":5},"end":{"line":74,"column":26}},{"start":{"line":75,"column":6},"end":{"line":75,"column":106}}]},"8":{"loc":{"start":{"line":93,"column":10},"end":{"line":93,"column":70}},"type":"cond-expr","locations":[{"start":{"line":93,"column":25},"end":{"line":93,"column":46}},{"start":{"line":93,"column":49},"end":{"line":93,"column":70}}]},"9":{"loc":{"start":{"line":96,"column":18},"end":{"line":96,"column":36}},"type":"binary-expr","locations":[{"start":{"line":96,"column":18},"end":{"line":96,"column":26}},{"start":{"line":96,"column":30},"end":{"line":96,"column":36}}]},"10":{"loc":{"start":{"line":99,"column":16},"end":{"line":99,"column":43}},"type":"binary-expr","locations":[{"start":{"line":99,"column":16},"end":{"line":99,"column":21}},{"start":{"line":99,"column":25},"end":{"line":99,"column":43}}]},"11":{"loc":{"start":{"line":102,"column":15},"end":{"line":102,"column":29}},"type":"binary-expr","locations":[{"start":{"line":102,"column":15},"end":{"line":102,"column":19}},{"start":{"line":102,"column":23},"end":{"line":102,"column":29}}]}},"s":{"0":1,"1":1,"2":1,"3":1,"4":12,"5":12,"6":12,"7":12,"8":12,"9":7,"10":7,"11":7,"12":5,"13":5,"14":5,"15":5,"16":0,"17":7,"18":7,"19":0,"20":7,"21":7,"22":7,"23":12,"24":7,"25":0,"26":0,"27":7,"28":7,"29":7,"30":12,"31":1,"32":1,"33":1,"34":1,"35":1,"36":12,"37":12,"38":0,"39":0,"40":1},"f":{"0":12,"1":7,"2":7,"3":0,"4":7,"5":7,"6":0,"7":7,"8":1,"9":0,"10":0},"b":{"0":[5],"1":[5],"2":[5,5],"3":[0],"4":[0,0],"5":[4,8],"6":[12,11],"7":[12,1],"8":[0,12],"9":[12,8],"10":[12,11],"11":[12,9]}}
,"D:\\MAGIC SOFTWARE PROJECT\\movie_explorer_reactjs_tanya\\src\\components\\LandingPage.tsx": {"path":"D:\\MAGIC SOFTWARE PROJECT\\movie_explorer_reactjs_tanya\\src\\components\\LandingPage.tsx","statementMap":{"0":{"start":{"line":2,"column":0},"end":{"line":2,"column":51}},"1":{"start":{"line":3,"column":0},"end":{"line":3,"column":64}},"2":{"start":{"line":4,"column":0},"end":{"line":4,"column":59}},"3":{"start":{"line":5,"column":0},"end":{"line":5,"column":65}},"4":{"start":{"line":7,"column":30},"end":{"line":204,"column":1}},"5":{"start":{"line":8,"column":44},"end":{"line":8,"column":65}},"6":{"start":{"line":9,"column":32},"end":{"line":9,"column":43}},"7":{"start":{"line":10,"column":36},"end":{"line":10,"column":51}},"8":{"start":{"line":11,"column":58},"end":{"line":11,"column":90}},"9":{"start":{"line":12,"column":40},"end":{"line":12,"column":59}},"10":{"start":{"line":13,"column":40},"end":{"line":13,"column":60}},"11":{"start":{"line":15,"column":2},"end":{"line":65,"column":9}},"12":{"start":{"line":16,"column":29},"end":{"line":62,"column":5}},"13":{"start":{"line":17,"column":6},"end":{"line":61,"column":7}},"14":{"start":{"line":18,"column":8},"end":{"line":21,"column":9}},"15":{"start":{"line":19,"column":25},"end":{"line":19,"column":45}},"16":{"start":{"line":20,"column":10},"end":{"line":20,"column":35}},"17":{"start":{"line":23,"column":22},"end":{"line":23,"column":51}},"18":{"start":{"line":24,"column":8},"end":{"line":57,"column":9}},"19":{"start":{"line":25,"column":23},"end":{"line":25,"column":57}},"20":{"start":{"line":26,"column":23},"end":{"line":26,"column":27}},"21":{"start":{"line":27,"column":11},"end":{"line":27,"column":69}},"22":{"start":{"line":30,"column":10},"end":{"line":54,"column":11}},"23":{"start":{"line":31,"column":30},"end":{"line":31,"column":68}},"24":{"start":{"line":32,"column":30},"end":{"line":32,"column":68}},"25":{"start":{"line":34,"column":12},"end":{"line":51,"column":13}},"26":{"start":{"line":35,"column":30},"end":{"line":35,"column":49}},"27":{"start":{"line":36,"column":31},"end":{"line":36,"column":96}},"28":{"start":{"line":38,"column":29},"end":{"line":38,"column":47}},"29":{"start":{"line":39,"column":14},"end":{"line":45,"column":15}},"30":{"start":{"line":40,"column":16},"end":{"line":40,"column":37}},"31":{"start":{"line":41,"column":21},"end":{"line":45,"column":15}},"32":{"start":{"line":42,"column":16},"end":{"line":42,"column":38}},"33":{"start":{"line":43,"column":21},"end":{"line":45,"column":15}},"34":{"start":{"line":44,"column":16},"end":{"line":44,"column":35}},"35":{"start":{"line":47,"column":14},"end":{"line":47,"column":40}},"36":{"start":{"line":48,"column":14},"end":{"line":48,"column":61}},"37":{"start":{"line":50,"column":14},"end":{"line":50,"column":52}},"38":{"start":{"line":53,"column":12},"end":{"line":53,"column":46}},"39":{"start":{"line":56,"column":10},"end":{"line":56,"column":43}},"40":{"start":{"line":59,"column":8},"end":{"line":59,"column":53}},"41":{"start":{"line":60,"column":8},"end":{"line":60,"column":47}},"42":{"start":{"line":64,"column":4},"end":{"line":64,"column":23}},"43":{"start":{"line":67,"column":20},"end":{"line":69,"column":3}},"44":{"start":{"line":68,"column":4},"end":{"line":68,"column":83}},"45":{"start":{"line":68,"column":25},"end":{"line":68,"column":81}},"46":{"start":{"line":71,"column":20},"end":{"line":73,"column":3}},"47":{"start":{"line":72,"column":4},"end":{"line":72,"column":60}},"48":{"start":{"line":72,"column":25},"end":{"line":72,"column":58}},"49":{"start":{"line":75,"column":2},"end":{"line":78,"column":29}},"50":{"start":{"line":76,"column":21},"end":{"line":76,"column":49}},"51":{"start":{"line":77,"column":4},"end":{"line":77,"column":41}},"52":{"start":{"line":77,"column":17},"end":{"line":77,"column":40}},"53":{"start":{"line":80,"column":2},"end":{"line":84,"column":16}},"54":{"start":{"line":81,"column":4},"end":{"line":81,"column":23}},"55":{"start":{"line":82,"column":20},"end":{"line":82,"column":63}},"56":{"start":{"line":82,"column":37},"end":{"line":82,"column":56}},"57":{"start":{"line":83,"column":4},"end":{"line":83,"column":39}},"58":{"start":{"line":83,"column":17},"end":{"line":83,"column":38}},"59":{"start":{"line":86,"column":24},"end":{"line":98,"column":3}},"60":{"start":{"line":87,"column":16},"end":{"line":87,"column":79}},"61":{"start":{"line":88,"column":4},"end":{"line":97,"column":5}},"62":{"start":{"line":90,"column":8},"end":{"line":90,"column":56}},"63":{"start":{"line":92,"column":8},"end":{"line":92,"column":57}},"64":{"start":{"line":94,"column":8},"end":{"line":94,"column":70}},"65":{"start":{"line":96,"column":8},"end":{"line":96,"column":47}},"66":{"start":{"line":100,"column":28},"end":{"line":110,"column":3}},"67":{"start":{"line":101,"column":4},"end":{"line":109,"column":7}},"68":{"start":{"line":102,"column":21},"end":{"line":102,"column":34}},"69":{"start":{"line":103,"column":6},"end":{"line":107,"column":7}},"70":{"start":{"line":104,"column":8},"end":{"line":104,"column":31}},"71":{"start":{"line":106,"column":8},"end":{"line":106,"column":28}},"72":{"start":{"line":108,"column":6},"end":{"line":108,"column":20}},"73":{"start":{"line":112,"column":2},"end":{"line":118,"column":3}},"74":{"start":{"line":113,"column":4},"end":{"line":117,"column":6}},"75":{"start":{"line":120,"column":2},"end":{"line":203,"column":4}},"76":{"start":{"line":145,"column":12},"end":{"line":146,"column":null}},"77":{"start":{"line":158,"column":37},"end":{"line":158,"column":64}},"78":{"start":{"line":191,"column":12},"end":{"line":192,"column":null}},"79":{"start":{"line":195,"column":29},"end":{"line":195,"column":46}},"80":{"start":{"line":206,"column":0},"end":{"line":206,"column":27}}},"fnMap":{"0":{"name":"(anonymous_9)","decl":{"start":{"line":7,"column":30},"end":{"line":7,"column":33}},"loc":{"start":{"line":7,"column":35},"end":{"line":204,"column":1}}},"1":{"name":"(anonymous_10)","decl":{"start":{"line":15,"column":12},"end":{"line":15,"column":15}},"loc":{"start":{"line":15,"column":17},"end":{"line":65,"column":3}}},"2":{"name":"(anonymous_11)","decl":{"start":{"line":16,"column":29},"end":{"line":16,"column":34}},"loc":{"start":{"line":16,"column":40},"end":{"line":62,"column":5}}},"3":{"name":"(anonymous_12)","decl":{"start":{"line":67,"column":20},"end":{"line":67,"column":23}},"loc":{"start":{"line":67,"column":25},"end":{"line":69,"column":3}}},"4":{"name":"(anonymous_13)","decl":{"start":{"line":68,"column":15},"end":{"line":68,"column":16}},"loc":{"start":{"line":68,"column":25},"end":{"line":68,"column":81}}},"5":{"name":"(anonymous_14)","decl":{"start":{"line":71,"column":20},"end":{"line":71,"column":23}},"loc":{"start":{"line":71,"column":25},"end":{"line":73,"column":3}}},"6":{"name":"(anonymous_15)","decl":{"start":{"line":72,"column":15},"end":{"line":72,"column":16}},"loc":{"start":{"line":72,"column":25},"end":{"line":72,"column":58}}},"7":{"name":"(anonymous_16)","decl":{"start":{"line":75,"column":12},"end":{"line":75,"column":15}},"loc":{"start":{"line":75,"column":17},"end":{"line":78,"column":3}}},"8":{"name":"(anonymous_17)","decl":{"start":{"line":77,"column":11},"end":{"line":77,"column":14}},"loc":{"start":{"line":77,"column":17},"end":{"line":77,"column":40}}},"9":{"name":"(anonymous_18)","decl":{"start":{"line":80,"column":12},"end":{"line":80,"column":15}},"loc":{"start":{"line":80,"column":17},"end":{"line":84,"column":3}}},"10":{"name":"(anonymous_19)","decl":{"start":{"line":82,"column":31},"end":{"line":82,"column":34}},"loc":{"start":{"line":82,"column":37},"end":{"line":82,"column":56}}},"11":{"name":"(anonymous_20)","decl":{"start":{"line":83,"column":11},"end":{"line":83,"column":14}},"loc":{"start":{"line":83,"column":17},"end":{"line":83,"column":38}}},"12":{"name":"(anonymous_21)","decl":{"start":{"line":86,"column":24},"end":{"line":86,"column":25}},"loc":{"start":{"line":86,"column":42},"end":{"line":98,"column":3}}},"13":{"name":"(anonymous_22)","decl":{"start":{"line":100,"column":28},"end":{"line":100,"column":29}},"loc":{"start":{"line":100,"column":48},"end":{"line":110,"column":3}}},"14":{"name":"(anonymous_23)","decl":{"start":{"line":101,"column":28},"end":{"line":101,"column":29}},"loc":{"start":{"line":101,"column":37},"end":{"line":109,"column":5}}},"15":{"name":"(anonymous_24)","decl":{"start":{"line":144,"column":29},"end":{"line":144,"column":30}},"loc":{"start":{"line":145,"column":12},"end":{"line":146,"column":null}}},"16":{"name":"(anonymous_25)","decl":{"start":{"line":158,"column":31},"end":{"line":158,"column":34}},"loc":{"start":{"line":158,"column":37},"end":{"line":158,"column":64}}},"17":{"name":"(anonymous_26)","decl":{"start":{"line":190,"column":16},"end":{"line":190,"column":17}},"loc":{"start":{"line":191,"column":12},"end":{"line":192,"column":null}}},"18":{"name":"(anonymous_27)","decl":{"start":{"line":195,"column":23},"end":{"line":195,"column":26}},"loc":{"start":{"line":195,"column":29},"end":{"line":195,"column":46}}}},"branchMap":{"0":{"loc":{"start":{"line":18,"column":8},"end":{"line":21,"column":9}},"type":"if","locations":[{"start":{"line":18,"column":8},"end":{"line":21,"column":9}}]},"1":{"loc":{"start":{"line":24,"column":8},"end":{"line":57,"column":9}},"type":"if","locations":[{"start":{"line":24,"column":8},"end":{"line":57,"column":9}},{"start":{"line":55,"column":15},"end":{"line":57,"column":9}}]},"2":{"loc":{"start":{"line":30,"column":10},"end":{"line":54,"column":11}},"type":"if","locations":[{"start":{"line":30,"column":10},"end":{"line":54,"column":11}},{"start":{"line":52,"column":17},"end":{"line":54,"column":11}}]},"3":{"loc":{"start":{"line":30,"column":14},"end":{"line":30,"column":76}},"type":"binary-expr","locations":[{"start":{"line":30,"column":14},"end":{"line":30,"column":43}},{"start":{"line":30,"column":47},"end":{"line":30,"column":76}}]},"4":{"loc":{"start":{"line":34,"column":12},"end":{"line":51,"column":13}},"type":"if","locations":[{"start":{"line":34,"column":12},"end":{"line":51,"column":13}},{"start":{"line":49,"column":19},"end":{"line":51,"column":13}}]},"5":{"loc":{"start":{"line":34,"column":16},"end":{"line":34,"column":74}},"type":"binary-expr","locations":[{"start":{"line":34,"column":16},"end":{"line":34,"column":43}},{"start":{"line":34,"column":47},"end":{"line":34,"column":74}}]},"6":{"loc":{"start":{"line":39,"column":14},"end":{"line":45,"column":15}},"type":"if","locations":[{"start":{"line":39,"column":14},"end":{"line":45,"column":15}},{"start":{"line":41,"column":21},"end":{"line":45,"column":15}}]},"7":{"loc":{"start":{"line":39,"column":18},"end":{"line":39,"column":50}},"type":"binary-expr","locations":[{"start":{"line":39,"column":18},"end":{"line":39,"column":32}},{"start":{"line":39,"column":36},"end":{"line":39,"column":50}}]},"8":{"loc":{"start":{"line":41,"column":21},"end":{"line":45,"column":15}},"type":"if","locations":[{"start":{"line":41,"column":21},"end":{"line":45,"column":15}},{"start":{"line":43,"column":21},"end":{"line":45,"column":15}}]},"9":{"loc":{"start":{"line":41,"column":25},"end":{"line":41,"column":57}},"type":"binary-expr","locations":[{"start":{"line":41,"column":25},"end":{"line":41,"column":39}},{"start":{"line":41,"column":43},"end":{"line":41,"column":57}}]},"10":{"loc":{"start":{"line":43,"column":21},"end":{"line":45,"column":15}},"type":"if","locations":[{"start":{"line":43,"column":21},"end":{"line":45,"column":15}}]},"11":{"loc":{"start":{"line":88,"column":4},"end":{"line":97,"column":5}},"type":"switch","locations":[{"start":{"line":89,"column":6},"end":{"line":90,"column":56}},{"start":{"line":91,"column":6},"end":{"line":92,"column":57}},{"start":{"line":93,"column":6},"end":{"line":94,"column":70}},{"start":{"line":95,"column":6},"end":{"line":96,"column":47}}]},"12":{"loc":{"start":{"line":103,"column":6},"end":{"line":107,"column":7}},"type":"if","locations":[{"start":{"line":103,"column":6},"end":{"line":107,"column":7}},{"start":{"line":105,"column":13},"end":{"line":107,"column":7}}]},"13":{"loc":{"start":{"line":112,"column":2},"end":{"line":118,"column":3}},"type":"if","locations":[{"start":{"line":112,"column":2},"end":{"line":118,"column":3}}]},"14":{"loc":{"start":{"line":122,"column":5},"end":{"line":136,"column":null}},"type":"binary-expr","locations":[{"start":{"line":122,"column":5},"end":{"line":122,"column":17}},{"start":{"line":123,"column":6},"end":{"line":135,"column":null}}]},"15":{"loc":{"start":{"line":147,"column":178},"end":{"line":147,"column":233}},"type":"cond-expr","locations":[{"start":{"line":147,"column":211},"end":{"line":147,"column":228}},{"start":{"line":147,"column":231},"end":{"line":147,"column":233}}]},"16":{"loc":{"start":{"line":147,"column":178},"end":{"line":147,"column":208}},"type":"binary-expr","locations":[{"start":{"line":147,"column":178},"end":{"line":147,"column":187}},{"start":{"line":147,"column":191},"end":{"line":147,"column":208}}]},"17":{"loc":{"start":{"line":150,"column":15},"end":{"line":164,"column":null}},"type":"binary-expr","locations":[{"start":{"line":150,"column":15},"end":{"line":150,"column":32}},{"start":{"line":151,"column":16},"end":{"line":163,"column":null}}]},"18":{"loc":{"start":{"line":153,"column":35},"end":{"line":153,"column":91}},"type":"cond-expr","locations":[{"start":{"line":153,"column":72},"end":{"line":153,"column":74}},{"start":{"line":153,"column":77},"end":{"line":153,"column":91}}]},"19":{"loc":{"start":{"line":156,"column":19},"end":{"line":162,"column":null}},"type":"binary-expr","locations":[{"start":{"line":156,"column":19},"end":{"line":156,"column":49}},{"start":{"line":157,"column":20},"end":{"line":161,"column":null}}]},"20":{"loc":{"start":{"line":161,"column":23},"end":{"line":161,"column":83}},"type":"cond-expr","locations":[{"start":{"line":161,"column":60},"end":{"line":161,"column":70}},{"start":{"line":161,"column":73},"end":{"line":161,"column":83}}]},"21":{"loc":{"start":{"line":196,"column":121},"end":{"line":196,"column":178}},"type":"cond-expr","locations":[{"start":{"line":196,"column":141},"end":{"line":196,"column":156}},{"start":{"line":196,"column":159},"end":{"line":196,"column":178}}]}},"s":{"0":1,"1":1,"2":1,"3":1,"4":1,"5":8,"6":8,"7":8,"8":8,"9":8,"10":8,"11":8,"12":2,"13":2,"14":2,"15":2,"16":2,"17":2,"18":2,"19":0,"20":0,"21":0,"22":0,"23":0,"24":0,"25":0,"26":0,"27":0,"28":0,"29":0,"30":0,"31":0,"32":0,"33":0,"34":0,"35":0,"36":0,"37":0,"38":0,"39":2,"40":0,"41":0,"42":2,"43":8,"44":0,"45":0,"46":8,"47":0,"48":0,"49":8,"50":4,"51":4,"52":4,"53":8,"54":2,"55":2,"56":0,"57":2,"58":2,"59":8,"60":8,"61":8,"62":4,"63":4,"64":0,"65":0,"66":8,"67":2,"68":2,"69":2,"70":1,"71":1,"72":2,"73":8,"74":4,"75":4,"76":8,"77":2,"78":12,"79":0,"80":1},"f":{"0":8,"1":2,"2":2,"3":0,"4":0,"5":0,"6":0,"7":4,"8":4,"9":2,"10":0,"11":2,"12":8,"13":2,"14":2,"15":8,"16":2,"17":12,"18":0},"b":{"0":[2],"1":[0,2],"2":[0,0],"3":[0,0],"4":[0,0],"5":[0,0],"6":[0,0],"7":[0,0],"8":[0,0],"9":[0,0],"10":[0],"11":[4,4,0,0],"12":[1,1],"13":[4],"14":[4,4],"15":[4,4],"16":[8,8],"17":[8,4],"18":[1,3],"19":[4,4],"20":[1,3],"21":[4,8]}}
,"D:\\MAGIC SOFTWARE PROJECT\\movie_explorer_reactjs_tanya\\src\\components\\Login.tsx": {"path":"D:\\MAGIC SOFTWARE PROJECT\\movie_explorer_reactjs_tanya\\src\\components\\Login.tsx","statementMap":{"0":{"start":{"line":2,"column":0},"end":{"line":2,"column":40}},"1":{"start":{"line":5,"column":0},"end":{"line":5,"column":40}},"2":{"start":{"line":6,"column":0},"end":{"line":6,"column":43}},"3":{"start":{"line":7,"column":0},"end":{"line":7,"column":56}},"4":{"start":{"line":8,"column":0},"end":{"line":8,"column":47}},"5":{"start":{"line":10,"column":24},"end":{"line":123,"column":1}},"6":{"start":{"line":11,"column":28},"end":{"line":11,"column":48}},"7":{"start":{"line":12,"column":34},"end":{"line":12,"column":54}},"8":{"start":{"line":13,"column":42},"end":{"line":13,"column":66}},"9":{"start":{"line":14,"column":32},"end":{"line":14,"column":56}},"10":{"start":{"line":15,"column":19},"end":{"line":15,"column":32}},"11":{"start":{"line":17,"column":22},"end":{"line":69,"column":3}},"12":{"start":{"line":18,"column":23},"end":{"line":18,"column":76}},"13":{"start":{"line":19,"column":4},"end":{"line":24,"column":5}},"14":{"start":{"line":20,"column":2},"end":{"line":22,"column":8}},"15":{"start":{"line":23,"column":6},"end":{"line":23,"column":13}},"16":{"start":{"line":27,"column":6},"end":{"line":27,"column":74}},"17":{"start":{"line":28,"column":4},"end":{"line":33,"column":5}},"18":{"start":{"line":29,"column":6},"end":{"line":31,"column":8}},"19":{"start":{"line":32,"column":6},"end":{"line":32,"column":13}},"20":{"start":{"line":35,"column":4},"end":{"line":35,"column":21}},"21":{"start":{"line":36,"column":20},"end":{"line":36,"column":39}},"22":{"start":{"line":38,"column":0},"end":{"line":63,"column":1}},"23":{"start":{"line":39,"column":19},"end":{"line":39,"column":46}},"24":{"start":{"line":40,"column":2},"end":{"line":40,"column":48}},"25":{"start":{"line":42,"column":2},"end":{"line":57,"column":3}},"26":{"start":{"line":43,"column":4},"end":{"line":43,"column":39}},"27":{"start":{"line":45,"column":25},"end":{"line":48,"column":6}},"28":{"start":{"line":50,"column":4},"end":{"line":50,"column":63}},"29":{"start":{"line":51,"column":4},"end":{"line":51,"column":50}},"30":{"start":{"line":53,"column":4},"end":{"line":53,"column":27}},"31":{"start":{"line":54,"column":4},"end":{"line":54,"column":29}},"32":{"start":{"line":56,"column":4},"end":{"line":56,"column":64}},"33":{"start":{"line":59,"column":2},"end":{"line":59,"column":46}},"34":{"start":{"line":60,"column":2},"end":{"line":60,"column":49}},"35":{"start":{"line":62,"column":2},"end":{"line":62,"column":20}},"36":{"start":{"line":71,"column":2},"end":{"line":122,"column":4}},"37":{"start":{"line":81,"column":27},"end":{"line":81,"column":51}},"38":{"start":{"line":90,"column":29},"end":{"line":90,"column":56}},"39":{"start":{"line":96,"column":27},"end":{"line":96,"column":59}},"40":{"start":{"line":96,"column":53},"end":{"line":96,"column":58}},"41":{"start":{"line":113,"column":17},"end":{"line":113,"column":36}},"42":{"start":{"line":125,"column":0},"end":{"line":125,"column":21}}},"fnMap":{"0":{"name":"(anonymous_9)","decl":{"start":{"line":10,"column":24},"end":{"line":10,"column":27}},"loc":{"start":{"line":10,"column":29},"end":{"line":123,"column":1}}},"1":{"name":"(anonymous_10)","decl":{"start":{"line":17,"column":22},"end":{"line":17,"column":27}},"loc":{"start":{"line":17,"column":33},"end":{"line":69,"column":3}}},"2":{"name":"(anonymous_11)","decl":{"start":{"line":81,"column":20},"end":{"line":81,"column":21}},"loc":{"start":{"line":81,"column":27},"end":{"line":81,"column":51}}},"3":{"name":"(anonymous_12)","decl":{"start":{"line":90,"column":22},"end":{"line":90,"column":23}},"loc":{"start":{"line":90,"column":29},"end":{"line":90,"column":56}}},"4":{"name":"(anonymous_13)","decl":{"start":{"line":96,"column":21},"end":{"line":96,"column":24}},"loc":{"start":{"line":96,"column":27},"end":{"line":96,"column":59}}},"5":{"name":"(anonymous_14)","decl":{"start":{"line":96,"column":43},"end":{"line":96,"column":44}},"loc":{"start":{"line":96,"column":53},"end":{"line":96,"column":58}}},"6":{"name":"(anonymous_15)","decl":{"start":{"line":113,"column":11},"end":{"line":113,"column":14}},"loc":{"start":{"line":113,"column":17},"end":{"line":113,"column":36}}}},"branchMap":{"0":{"loc":{"start":{"line":19,"column":4},"end":{"line":24,"column":5}},"type":"if","locations":[{"start":{"line":19,"column":4},"end":{"line":24,"column":5}}]},"1":{"loc":{"start":{"line":28,"column":4},"end":{"line":33,"column":5}},"type":"if","locations":[{"start":{"line":28,"column":4},"end":{"line":33,"column":5}}]},"2":{"loc":{"start":{"line":42,"column":2},"end":{"line":57,"column":3}},"type":"if","locations":[{"start":{"line":42,"column":2},"end":{"line":57,"column":3}},{"start":{"line":55,"column":9},"end":{"line":57,"column":3}}]},"3":{"loc":{"start":{"line":47,"column":12},"end":{"line":47,"column":57}},"type":"binary-expr","locations":[{"start":{"line":47,"column":12},"end":{"line":47,"column":25}},{"start":{"line":47,"column":29},"end":{"line":47,"column":47}},{"start":{"line":47,"column":51},"end":{"line":47,"column":57}}]},"4":{"loc":{"start":{"line":87,"column":18},"end":{"line":87,"column":52}},"type":"cond-expr","locations":[{"start":{"line":87,"column":33},"end":{"line":87,"column":39}},{"start":{"line":87,"column":42},"end":{"line":87,"column":52}}]},"5":{"loc":{"start":{"line":98,"column":13},"end":{"line":98,"column":68}},"type":"cond-expr","locations":[{"start":{"line":98,"column":28},"end":{"line":98,"column":48}},{"start":{"line":98,"column":51},"end":{"line":98,"column":68}}]},"6":{"loc":{"start":{"line":107,"column":11},"end":{"line":107,"column":48}},"type":"cond-expr","locations":[{"start":{"line":107,"column":21},"end":{"line":107,"column":36}},{"start":{"line":107,"column":39},"end":{"line":107,"column":48}}]}},"s":{"0":1,"1":1,"2":1,"3":1,"4":1,"5":1,"6":18,"7":18,"8":18,"9":18,"10":18,"11":18,"12":3,"13":3,"14":1,"15":1,"16":2,"17":2,"18":1,"19":1,"20":1,"21":1,"22":1,"23":1,"24":0,"25":0,"26":0,"27":0,"28":0,"29":0,"30":0,"31":0,"32":0,"33":0,"34":0,"35":0,"36":18,"37":4,"38":4,"39":2,"40":2,"41":1,"42":1},"f":{"0":18,"1":3,"2":4,"3":4,"4":2,"5":2,"6":1},"b":{"0":[1],"1":[1],"2":[0,0],"3":[0,0,0],"4":[1,17],"5":[1,17],"6":[1,17]}}
,"D:\\MAGIC SOFTWARE PROJECT\\movie_explorer_reactjs_tanya\\src\\components\\MovieCard.tsx": {"path":"D:\\MAGIC SOFTWARE PROJECT\\movie_explorer_reactjs_tanya\\src\\components\\MovieCard.tsx","statementMap":{"0":{"start":{"line":1,"column":0},"end":{"line":1,"column":51}},"1":{"start":{"line":2,"column":0},"end":{"line":2,"column":48}},"2":{"start":{"line":3,"column":0},"end":{"line":3,"column":64}},"3":{"start":{"line":4,"column":0},"end":{"line":4,"column":56}},"4":{"start":{"line":5,"column":0},"end":{"line":5,"column":56}},"5":{"start":{"line":7,"column":28},"end":{"line":102,"column":1}},"6":{"start":{"line":8,"column":30},"end":{"line":8,"column":51}},"7":{"start":{"line":9,"column":40},"end":{"line":9,"column":61}},"8":{"start":{"line":10,"column":46},"end":{"line":10,"column":67}},"9":{"start":{"line":11,"column":36},"end":{"line":11,"column":57}},"10":{"start":{"line":12,"column":32},"end":{"line":12,"column":46}},"11":{"start":{"line":13,"column":26},"end":{"line":13,"column":55}},"12":{"start":{"line":14,"column":34},"end":{"line":14,"column":63}},"13":{"start":{"line":15,"column":19},"end":{"line":15,"column":32}},"14":{"start":{"line":17,"column":0},"end":{"line":25,"column":7}},"15":{"start":{"line":18,"column":19},"end":{"line":18,"column":47}},"16":{"start":{"line":19,"column":2},"end":{"line":24,"column":3}},"17":{"start":{"line":20,"column":19},"end":{"line":20,"column":39}},"18":{"start":{"line":21,"column":4},"end":{"line":21,"column":25}},"19":{"start":{"line":22,"column":4},"end":{"line":22,"column":29}},"20":{"start":{"line":23,"column":4},"end":{"line":23,"column":43}},"21":{"start":{"line":26,"column":1},"end":{"line":45,"column":9}},"22":{"start":{"line":27,"column":22},"end":{"line":42,"column":5}},"23":{"start":{"line":28,"column":6},"end":{"line":41,"column":7}},"24":{"start":{"line":29,"column":26},"end":{"line":29,"column":46}},"25":{"start":{"line":30,"column":8},"end":{"line":30,"column":29}},"26":{"start":{"line":31,"column":8},"end":{"line":33,"column":11}},"27":{"start":{"line":32,"column":10},"end":{"line":32,"column":76}},"28":{"start":{"line":32,"column":48},"end":{"line":32,"column":75}},"29":{"start":{"line":35,"column":8},"end":{"line":35,"column":74}},"30":{"start":{"line":35,"column":54},"end":{"line":35,"column":71}},"31":{"start":{"line":36,"column":8},"end":{"line":36,"column":78}},"32":{"start":{"line":36,"column":49},"end":{"line":36,"column":75}},"33":{"start":{"line":38,"column":8},"end":{"line":38,"column":54}},"34":{"start":{"line":40,"column":8},"end":{"line":40,"column":26}},"35":{"start":{"line":44,"column":4},"end":{"line":44,"column":16}},"36":{"start":{"line":47,"column":23},"end":{"line":60,"column":3}},"37":{"start":{"line":48,"column":26},"end":{"line":48,"column":87}},"38":{"start":{"line":50,"column":4},"end":{"line":59,"column":5}},"39":{"start":{"line":51,"column":6},"end":{"line":58,"column":7}},"40":{"start":{"line":52,"column":8},"end":{"line":52,"column":30}},"41":{"start":{"line":53,"column":8},"end":{"line":53,"column":61}},"42":{"start":{"line":53,"column":28},"end":{"line":53,"column":59}},"43":{"start":{"line":53,"column":47},"end":{"line":53,"column":58}},"44":{"start":{"line":54,"column":8},"end":{"line":54,"column":45}},"45":{"start":{"line":56,"column":8},"end":{"line":56,"column":54}},"46":{"start":{"line":57,"column":8},"end":{"line":57,"column":63}},"47":{"start":{"line":62,"column":21},"end":{"line":64,"column":3}},"48":{"start":{"line":63,"column":4},"end":{"line":63,"column":61}},"49":{"start":{"line":66,"column":22},"end":{"line":87,"column":1}},"50":{"start":{"line":67,"column":22},"end":{"line":67,"column":70}},"51":{"start":{"line":69,"column":2},"end":{"line":86,"column":4}},"52":{"start":{"line":74,"column":10},"end":{"line":75,"column":null}},"53":{"start":{"line":91,"column":2},"end":{"line":93,"column":3}},"54":{"start":{"line":92,"column":4},"end":{"line":92,"column":89}},"55":{"start":{"line":95,"column":2},"end":{"line":101,"column":4}},"56":{"start":{"line":104,"column":0},"end":{"line":104,"column":25}}},"fnMap":{"0":{"name":"(anonymous_10)","decl":{"start":{"line":7,"column":28},"end":{"line":7,"column":31}},"loc":{"start":{"line":7,"column":33},"end":{"line":102,"column":1}}},"1":{"name":"(anonymous_11)","decl":{"start":{"line":17,"column":10},"end":{"line":17,"column":13}},"loc":{"start":{"line":17,"column":15},"end":{"line":25,"column":1}}},"2":{"name":"(anonymous_12)","decl":{"start":{"line":26,"column":11},"end":{"line":26,"column":14}},"loc":{"start":{"line":26,"column":16},"end":{"line":45,"column":3}}},"3":{"name":"(anonymous_13)","decl":{"start":{"line":27,"column":22},"end":{"line":27,"column":27}},"loc":{"start":{"line":27,"column":33},"end":{"line":42,"column":5}}},"4":{"name":"(anonymous_14)","decl":{"start":{"line":31,"column":40},"end":{"line":31,"column":45}},"loc":{"start":{"line":32,"column":10},"end":{"line":32,"column":76}}},"5":{"name":"(anonymous_15)","decl":{"start":{"line":32,"column":39},"end":{"line":32,"column":44}},"loc":{"start":{"line":32,"column":48},"end":{"line":32,"column":75}}},"6":{"name":"(anonymous_16)","decl":{"start":{"line":35,"column":43},"end":{"line":35,"column":44}},"loc":{"start":{"line":35,"column":54},"end":{"line":35,"column":71}}},"7":{"name":"(anonymous_17)","decl":{"start":{"line":36,"column":38},"end":{"line":36,"column":39}},"loc":{"start":{"line":36,"column":49},"end":{"line":36,"column":75}}},"8":{"name":"(anonymous_18)","decl":{"start":{"line":47,"column":23},"end":{"line":47,"column":28}},"loc":{"start":{"line":47,"column":44},"end":{"line":60,"column":3}}},"9":{"name":"(anonymous_19)","decl":{"start":{"line":53,"column":18},"end":{"line":53,"column":19}},"loc":{"start":{"line":53,"column":28},"end":{"line":53,"column":59}}},"10":{"name":"(anonymous_20)","decl":{"start":{"line":53,"column":40},"end":{"line":53,"column":41}},"loc":{"start":{"line":53,"column":47},"end":{"line":53,"column":58}}},"11":{"name":"(anonymous_21)","decl":{"start":{"line":62,"column":21},"end":{"line":62,"column":22}},"loc":{"start":{"line":62,"column":38},"end":{"line":64,"column":3}}},"12":{"name":"(anonymous_22)","decl":{"start":{"line":66,"column":22},"end":{"line":66,"column":23}},"loc":{"start":{"line":66,"column":92},"end":{"line":87,"column":1}}},"13":{"name":"(anonymous_23)","decl":{"start":{"line":73,"column":27},"end":{"line":73,"column":28}},"loc":{"start":{"line":74,"column":10},"end":{"line":75,"column":null}}}},"branchMap":{"0":{"loc":{"start":{"line":19,"column":2},"end":{"line":24,"column":3}},"type":"if","locations":[{"start":{"line":19,"column":2},"end":{"line":24,"column":3}}]},"1":{"loc":{"start":{"line":50,"column":4},"end":{"line":59,"column":5}},"type":"if","locations":[{"start":{"line":50,"column":4},"end":{"line":59,"column":5}}]},"2":{"loc":{"start":{"line":66,"column":62},"end":{"line":66,"column":88}},"type":"default-arg","locations":[{"start":{"line":66,"column":82},"end":{"line":66,"column":88}}]},"3":{"loc":{"start":{"line":67,"column":33},"end":{"line":67,"column":69}},"type":"binary-expr","locations":[{"start":{"line":67,"column":33},"end":{"line":67,"column":61}},{"start":{"line":67,"column":65},"end":{"line":67,"column":69}}]},"4":{"loc":{"start":{"line":91,"column":2},"end":{"line":93,"column":3}},"type":"if","locations":[{"start":{"line":91,"column":2},"end":{"line":93,"column":3}}]}},"s":{"0":1,"1":1,"2":1,"3":1,"4":1,"5":1,"6":2,"7":2,"8":2,"9":2,"10":2,"11":2,"12":2,"13":2,"14":2,"15":1,"16":1,"17":1,"18":1,"19":1,"20":1,"21":2,"22":1,"23":1,"24":1,"25":0,"26":0,"27":0,"28":0,"29":0,"30":0,"31":0,"32":0,"33":0,"34":0,"35":1,"36":2,"37":0,"38":0,"39":0,"40":0,"41":0,"42":0,"43":0,"44":0,"45":0,"46":0,"47":2,"48":0,"49":2,"50":0,"51":0,"52":0,"53":2,"54":2,"55":0,"56":1},"f":{"0":2,"1":1,"2":1,"3":1,"4":0,"5":0,"6":0,"7":0,"8":0,"9":0,"10":0,"11":0,"12":0,"13":0},"b":{"0":[1],"1":[0],"2":[0],"3":[0,0],"4":[2]}}
,"D:\\MAGIC SOFTWARE PROJECT\\movie_explorer_reactjs_tanya\\src\\components\\MovieItemCard.tsx": {"path":"D:\\MAGIC SOFTWARE PROJECT\\movie_explorer_reactjs_tanya\\src\\components\\MovieItemCard.tsx","statementMap":{"0":{"start":{"line":1,"column":0},"end":{"line":1,"column":26}},"1":{"start":{"line":2,"column":0},"end":{"line":2,"column":47}},"2":{"start":{"line":3,"column":0},"end":{"line":3,"column":53}},"3":{"start":{"line":5,"column":0},"end":{"line":5,"column":36}},"4":{"start":{"line":14,"column":39},"end":{"line":89,"column":1}},"5":{"start":{"line":22,"column":19},"end":{"line":22,"column":32}},"6":{"start":{"line":23,"column":26},"end":{"line":45,"column":1}},"7":{"start":{"line":24,"column":5},"end":{"line":24,"column":41}},"8":{"start":{"line":25,"column":2},"end":{"line":29,"column":3}},"9":{"start":{"line":26,"column":4},"end":{"line":26,"column":55}},"10":{"start":{"line":27,"column":4},"end":{"line":27,"column":18}},"11":{"start":{"line":28,"column":4},"end":{"line":28,"column":11}},"12":{"start":{"line":30,"column":2},"end":{"line":33,"column":3}},"13":{"start":{"line":31,"column":4},"end":{"line":31,"column":35}},"14":{"start":{"line":32,"column":4},"end":{"line":32,"column":11}},"15":{"start":{"line":34,"column":2},"end":{"line":37,"column":3}},"16":{"start":{"line":35,"column":4},"end":{"line":35,"column":35}},"17":{"start":{"line":36,"column":4},"end":{"line":36,"column":11}},"18":{"start":{"line":38,"column":2},"end":{"line":41,"column":3}},"19":{"start":{"line":39,"column":4},"end":{"line":39,"column":35}},"20":{"start":{"line":40,"column":4},"end":{"line":40,"column":11}},"21":{"start":{"line":42,"column":2},"end":{"line":42,"column":73}},"22":{"start":{"line":43,"column":2},"end":{"line":43,"column":25}},"23":{"start":{"line":44,"column":2},"end":{"line":44,"column":55}},"24":{"start":{"line":46,"column":0},"end":{"line":88,"column":4}},"25":{"start":{"line":63,"column":16},"end":{"line":63,"column":36}},"26":{"start":{"line":64,"column":16},"end":{"line":64,"column":30}},"27":{"start":{"line":73,"column":16},"end":{"line":73,"column":36}},"28":{"start":{"line":74,"column":16},"end":{"line":74,"column":35}},"29":{"start":{"line":90,"column":0},"end":{"line":90,"column":29}}},"fnMap":{"0":{"name":"(anonymous_1)","decl":{"start":{"line":14,"column":39},"end":{"line":14,"column":40}},"loc":{"start":{"line":21,"column":5},"end":{"line":89,"column":1}}},"1":{"name":"(anonymous_2)","decl":{"start":{"line":23,"column":26},"end":{"line":23,"column":29}},"loc":{"start":{"line":23,"column":31},"end":{"line":45,"column":1}}},"2":{"name":"(anonymous_3)","decl":{"start":{"line":62,"column":23},"end":{"line":62,"column":24}},"loc":{"start":{"line":62,"column":29},"end":{"line":65,"column":15}}},"3":{"name":"(anonymous_4)","decl":{"start":{"line":72,"column":23},"end":{"line":72,"column":24}},"loc":{"start":{"line":72,"column":29},"end":{"line":75,"column":15}}}},"branchMap":{"0":{"loc":{"start":{"line":25,"column":2},"end":{"line":29,"column":3}},"type":"if","locations":[{"start":{"line":25,"column":2},"end":{"line":29,"column":3}}]},"1":{"loc":{"start":{"line":30,"column":2},"end":{"line":33,"column":3}},"type":"if","locations":[{"start":{"line":30,"column":2},"end":{"line":33,"column":3}}]},"2":{"loc":{"start":{"line":34,"column":2},"end":{"line":37,"column":3}},"type":"if","locations":[{"start":{"line":34,"column":2},"end":{"line":37,"column":3}}]},"3":{"loc":{"start":{"line":38,"column":2},"end":{"line":41,"column":3}},"type":"if","locations":[{"start":{"line":38,"column":2},"end":{"line":41,"column":3}}]},"4":{"loc":{"start":{"line":38,"column":6},"end":{"line":38,"column":45}},"type":"binary-expr","locations":[{"start":{"line":38,"column":6},"end":{"line":38,"column":19}},{"start":{"line":38,"column":23},"end":{"line":38,"column":45}}]},"5":{"loc":{"start":{"line":54,"column":1},"end":{"line":57,"column":null}},"type":"binary-expr","locations":[{"start":{"line":54,"column":1},"end":{"line":54,"column":23}},{"start":{"line":54,"column":27},"end":{"line":54,"column":49}},{"start":{"line":54,"column":53},"end":{"line":54,"column":78}},{"start":{"line":55,"column":10},"end":{"line":56,"column":null}}]},"6":{"loc":{"start":{"line":59,"column":9},"end":{"line":81,"column":null}},"type":"binary-expr","locations":[{"start":{"line":59,"column":9},"end":{"line":59,"column":34}},{"start":{"line":60,"column":10},"end":{"line":80,"column":null}}]}},"s":{"0":3,"1":3,"2":3,"3":3,"4":3,"5":16,"6":16,"7":1,"8":1,"9":1,"10":1,"11":1,"12":0,"13":0,"14":0,"15":0,"16":0,"17":0,"18":0,"19":0,"20":0,"21":0,"22":0,"23":0,"24":16,"25":1,"26":1,"27":1,"28":1,"29":3},"f":{"0":16,"1":1,"2":1,"3":1},"b":{"0":[1],"1":[0],"2":[0],"3":[0],"4":[0,0],"5":[16,8,4,3],"6":[16,6]}}
,"D:\\MAGIC SOFTWARE PROJECT\\movie_explorer_reactjs_tanya\\src\\components\\Signup.tsx": {"path":"D:\\MAGIC SOFTWARE PROJECT\\movie_explorer_reactjs_tanya\\src\\components\\Signup.tsx","statementMap":{"0":{"start":{"line":2,"column":0},"end":{"line":2,"column":65}},"1":{"start":{"line":3,"column":0},"end":{"line":3,"column":40}},"2":{"start":{"line":4,"column":0},"end":{"line":4,"column":44}},"3":{"start":{"line":5,"column":0},"end":{"line":5,"column":50}},"4":{"start":{"line":6,"column":0},"end":{"line":6,"column":62}},"5":{"start":{"line":7,"column":0},"end":{"line":7,"column":57}},"6":{"start":{"line":25,"column":4},"end":{"line":25,"column":17}},"7":{"start":{"line":26,"column":4},"end":{"line":34,"column":6}},"8":{"start":{"line":37,"column":17},"end":{"line":42,"column":3}},"9":{"start":{"line":38,"column":43},"end":{"line":38,"column":51}},"10":{"start":{"line":39,"column":4},"end":{"line":41,"column":47}},"11":{"start":{"line":44,"column":22},"end":{"line":46,"column":3}},"12":{"start":{"line":45,"column":4},"end":{"line":45,"column":42}},"13":{"start":{"line":49,"column":15},"end":{"line":121,"column":3}},"14":{"start":{"line":50,"column":4},"end":{"line":50,"column":23}},"15":{"start":{"line":51,"column":4},"end":{"line":51,"column":40}},"16":{"start":{"line":51,"column":33},"end":{"line":51,"column":40}},"17":{"start":{"line":53,"column":4},"end":{"line":53,"column":42}},"18":{"start":{"line":55,"column":74},"end":{"line":55,"column":84}},"19":{"start":{"line":57,"column":22},"end":{"line":57,"column":66}},"20":{"start":{"line":58,"column":4},"end":{"line":62,"column":5}},"21":{"start":{"line":59,"column":6},"end":{"line":59,"column":67}},"22":{"start":{"line":60,"column":6},"end":{"line":60,"column":45}},"23":{"start":{"line":61,"column":6},"end":{"line":61,"column":13}},"24":{"start":{"line":64,"column":23},"end":{"line":64,"column":76}},"25":{"start":{"line":65,"column":4},"end":{"line":69,"column":5}},"26":{"start":{"line":66,"column":6},"end":{"line":66,"column":73}},"27":{"start":{"line":67,"column":6},"end":{"line":67,"column":45}},"28":{"start":{"line":68,"column":6},"end":{"line":68,"column":13}},"29":{"start":{"line":71,"column":4},"end":{"line":75,"column":5}},"30":{"start":{"line":72,"column":6},"end":{"line":72,"column":58}},"31":{"start":{"line":73,"column":6},"end":{"line":73,"column":45}},"32":{"start":{"line":74,"column":6},"end":{"line":74,"column":13}},"33":{"start":{"line":77,"column":26},"end":{"line":77,"column":94}},"34":{"start":{"line":78,"column":4},"end":{"line":82,"column":5}},"35":{"start":{"line":79,"column":6},"end":{"line":79,"column":64}},"36":{"start":{"line":80,"column":6},"end":{"line":80,"column":45}},"37":{"start":{"line":81,"column":6},"end":{"line":81,"column":13}},"38":{"start":{"line":84,"column":4},"end":{"line":88,"column":5}},"39":{"start":{"line":85,"column":6},"end":{"line":85,"column":44}},"40":{"start":{"line":86,"column":6},"end":{"line":86,"column":45}},"41":{"start":{"line":87,"column":6},"end":{"line":87,"column":13}},"42":{"start":{"line":90,"column":4},"end":{"line":94,"column":5}},"43":{"start":{"line":91,"column":6},"end":{"line":91,"column":55}},"44":{"start":{"line":92,"column":6},"end":{"line":92,"column":45}},"45":{"start":{"line":93,"column":6},"end":{"line":93,"column":13}},"46":{"start":{"line":99,"column":20},"end":{"line":105,"column":6}},"47":{"start":{"line":107,"column":4},"end":{"line":120,"column":5}},"48":{"start":{"line":108,"column":23},"end":{"line":108,"column":51}},"49":{"start":{"line":109,"column":6},"end":{"line":114,"column":7}},"50":{"start":{"line":110,"column":9},"end":{"line":110,"column":45}},"51":{"start":{"line":111,"column":8},"end":{"line":111,"column":33}},"52":{"start":{"line":113,"column":9},"end":{"line":113,"column":57}},"53":{"start":{"line":116,"column":6},"end":{"line":116,"column":51}},"54":{"start":{"line":117,"column":7},"end":{"line":117,"column":55}},"55":{"start":{"line":119,"column":6},"end":{"line":119,"column":45}},"56":{"start":{"line":124,"column":4},"end":{"line":218,"column":6}},"57":{"start":{"line":210,"column":29},"end":{"line":210,"column":53}},"58":{"start":{"line":222,"column":0},"end":{"line":222,"column":50}},"59":{"start":{"line":224,"column":0},"end":{"line":224,"column":38}}},"fnMap":{"0":{"name":"(anonymous_10)","decl":{"start":{"line":24,"column":2},"end":{"line":24,"column":14}},"loc":{"start":{"line":24,"column":32},"end":{"line":35,"column":3}}},"1":{"name":"(anonymous_11)","decl":{"start":{"line":37,"column":17},"end":{"line":37,"column":18}},"loc":{"start":{"line":37,"column":54},"end":{"line":42,"column":3}}},"2":{"name":"(anonymous_12)","decl":{"start":{"line":44,"column":22},"end":{"line":44,"column":23}},"loc":{"start":{"line":44,"column":52},"end":{"line":46,"column":3}}},"3":{"name":"(anonymous_13)","decl":{"start":{"line":49,"column":15},"end":{"line":49,"column":20}},"loc":{"start":{"line":49,"column":55},"end":{"line":121,"column":3}}},"4":{"name":"(anonymous_14)","decl":{"start":{"line":123,"column":2},"end":{"line":123,"column":8}},"loc":{"start":{"line":123,"column":8},"end":{"line":219,"column":3}}},"5":{"name":"(anonymous_15)","decl":{"start":{"line":210,"column":23},"end":{"line":210,"column":26}},"loc":{"start":{"line":210,"column":29},"end":{"line":210,"column":53}}}},"branchMap":{"0":{"loc":{"start":{"line":40,"column":14},"end":{"line":40,"column":51}},"type":"cond-expr","locations":[{"start":{"line":40,"column":36},"end":{"line":40,"column":43}},{"start":{"line":40,"column":46},"end":{"line":40,"column":51}}]},"1":{"loc":{"start":{"line":45,"column":27},"end":{"line":45,"column":38}},"type":"binary-expr","locations":[{"start":{"line":45,"column":27},"end":{"line":45,"column":32}},{"start":{"line":45,"column":36},"end":{"line":45,"column":38}}]},"2":{"loc":{"start":{"line":51,"column":4},"end":{"line":51,"column":40}},"type":"if","locations":[{"start":{"line":51,"column":4},"end":{"line":51,"column":40}}]},"3":{"loc":{"start":{"line":58,"column":4},"end":{"line":62,"column":5}},"type":"if","locations":[{"start":{"line":58,"column":4},"end":{"line":62,"column":5}}]},"4":{"loc":{"start":{"line":65,"column":4},"end":{"line":69,"column":5}},"type":"if","locations":[{"start":{"line":65,"column":4},"end":{"line":69,"column":5}}]},"5":{"loc":{"start":{"line":71,"column":4},"end":{"line":75,"column":5}},"type":"if","locations":[{"start":{"line":71,"column":4},"end":{"line":75,"column":5}}]},"6":{"loc":{"start":{"line":78,"column":4},"end":{"line":82,"column":5}},"type":"if","locations":[{"start":{"line":78,"column":4},"end":{"line":82,"column":5}}]},"7":{"loc":{"start":{"line":84,"column":4},"end":{"line":88,"column":5}},"type":"if","locations":[{"start":{"line":84,"column":4},"end":{"line":88,"column":5}}]},"8":{"loc":{"start":{"line":90,"column":4},"end":{"line":94,"column":5}},"type":"if","locations":[{"start":{"line":90,"column":4},"end":{"line":94,"column":5}}]},"9":{"loc":{"start":{"line":109,"column":6},"end":{"line":114,"column":7}},"type":"if","locations":[{"start":{"line":109,"column":6},"end":{"line":114,"column":7}},{"start":{"line":112,"column":13},"end":{"line":114,"column":7}}]},"10":{"loc":{"start":{"line":157,"column":19},"end":{"line":157,"column":48}},"type":"binary-expr","locations":[{"start":{"line":157,"column":19},"end":{"line":157,"column":35}},{"start":{"line":157,"column":39},"end":{"line":157,"column":48}}]},"11":{"loc":{"start":{"line":200,"column":14},"end":{"line":200,"column":null}},"type":"cond-expr","locations":[{"start":{"line":200,"column":40},"end":{"line":200,"column":71}},{"start":{"line":200,"column":74},"end":{"line":200,"column":null}}]},"12":{"loc":{"start":{"line":203,"column":13},"end":{"line":203,"column":79}},"type":"cond-expr","locations":[{"start":{"line":203,"column":39},"end":{"line":203,"column":60}},{"start":{"line":203,"column":63},"end":{"line":203,"column":79}}]}},"s":{"0":1,"1":1,"2":1,"3":1,"4":1,"5":1,"6":4,"7":4,"8":4,"9":15,"10":15,"11":4,"12":3,"13":4,"14":3,"15":3,"16":0,"17":3,"18":3,"19":3,"20":3,"21":0,"22":0,"23":0,"24":3,"25":3,"26":0,"27":0,"28":0,"29":3,"30":0,"31":0,"32":0,"33":3,"34":3,"35":0,"36":0,"37":0,"38":3,"39":1,"40":1,"41":1,"42":2,"43":0,"44":0,"45":0,"46":0,"47":0,"48":0,"49":0,"50":0,"51":0,"52":0,"53":0,"54":0,"55":0,"56":25,"57":0,"58":1,"59":1},"f":{"0":4,"1":15,"2":3,"3":3,"4":25,"5":0},"b":{"0":[3,12],"1":[3,0],"2":[0],"3":[0],"4":[0],"5":[0],"6":[0],"7":[1],"8":[0],"9":[0,0],"10":[25,10],"11":[2,23],"12":[2,23]}}
,"D:\\MAGIC SOFTWARE PROJECT\\movie_explorer_reactjs_tanya\\src\\pages\\FilterPanel.tsx": {"path":"D:\\MAGIC SOFTWARE PROJECT\\movie_explorer_reactjs_tanya\\src\\pages\\FilterPanel.tsx","statementMap":{"0":{"start":{"line":1,"column":0},"end":{"line":1,"column":51}},"1":{"start":{"line":2,"column":0},"end":{"line":2,"column":53}},"2":{"start":{"line":3,"column":0},"end":{"line":3,"column":89}},"3":{"start":{"line":6,"column":0},"end":{"line":6,"column":56}},"4":{"start":{"line":7,"column":0},"end":{"line":7,"column":56}},"5":{"start":{"line":9,"column":15},"end":{"line":9,"column":85}},"6":{"start":{"line":11,"column":30},"end":{"line":141,"column":1}},"7":{"start":{"line":12,"column":46},"end":{"line":12,"column":67}},"8":{"start":{"line":13,"column":44},"end":{"line":13,"column":59}},"9":{"start":{"line":14,"column":38},"end":{"line":14,"column":50}},"10":{"start":{"line":15,"column":40},"end":{"line":15,"column":51}},"11":{"start":{"line":16,"column":38},"end":{"line":16,"column":49}},"12":{"start":{"line":17,"column":32},"end":{"line":17,"column":46}},"13":{"start":{"line":19,"column":15},"end":{"line":19,"column":63}},"14":{"start":{"line":20,"column":19},"end":{"line":20,"column":29}},"15":{"start":{"line":21,"column":19},"end":{"line":21,"column":32}},"16":{"start":{"line":23,"column":2},"end":{"line":33,"column":20}},"17":{"start":{"line":24,"column":26},"end":{"line":30,"column":5}},"18":{"start":{"line":25,"column":6},"end":{"line":25,"column":23}},"19":{"start":{"line":26,"column":22},"end":{"line":26,"column":63}},"20":{"start":{"line":27,"column":6},"end":{"line":27,"column":40}},"21":{"start":{"line":28,"column":6},"end":{"line":28,"column":52}},"22":{"start":{"line":29,"column":6},"end":{"line":29,"column":24}},"23":{"start":{"line":32,"column":4},"end":{"line":32,"column":20}},"24":{"start":{"line":35,"column":2},"end":{"line":44,"column":34}},"25":{"start":{"line":36,"column":42},"end":{"line":41,"column":5}},"26":{"start":{"line":37,"column":6},"end":{"line":37,"column":23}},"27":{"start":{"line":38,"column":22},"end":{"line":38,"column":68}},"28":{"start":{"line":39,"column":6},"end":{"line":39,"column":33}},"29":{"start":{"line":40,"column":6},"end":{"line":40,"column":24}},"30":{"start":{"line":43,"column":4},"end":{"line":43,"column":36}},"31":{"start":{"line":46,"column":21},"end":{"line":48,"column":3}},"32":{"start":{"line":47,"column":4},"end":{"line":47,"column":61}},"33":{"start":{"line":50,"column":23},"end":{"line":63,"column":3}},"34":{"start":{"line":51,"column":26},"end":{"line":51,"column":87}},"35":{"start":{"line":52,"column":4},"end":{"line":52,"column":31}},"36":{"start":{"line":52,"column":24},"end":{"line":52,"column":31}},"37":{"start":{"line":54,"column":4},"end":{"line":62,"column":5}},"38":{"start":{"line":55,"column":6},"end":{"line":55,"column":33}},"39":{"start":{"line":56,"column":22},"end":{"line":56,"column":63}},"40":{"start":{"line":57,"column":6},"end":{"line":57,"column":40}},"41":{"start":{"line":58,"column":6},"end":{"line":58,"column":52}},"42":{"start":{"line":60,"column":6},"end":{"line":60,"column":52}},"43":{"start":{"line":61,"column":6},"end":{"line":61,"column":57}},"44":{"start":{"line":65,"column":2},"end":{"line":140,"column":4}},"45":{"start":{"line":74,"column":27},"end":{"line":74,"column":56}},"46":{"start":{"line":83,"column":10},"end":{"line":84,"column":null}},"47":{"start":{"line":85,"column":27},"end":{"line":85,"column":50}},"48":{"start":{"line":108,"column":14},"end":{"line":109,"column":null}},"49":{"start":{"line":124,"column":29},"end":{"line":124,"column":73}},"50":{"start":{"line":131,"column":29},"end":{"line":131,"column":82}},"51":{"start":{"line":143,"column":0},"end":{"line":143,"column":27}}},"fnMap":{"0":{"name":"(anonymous_10)","decl":{"start":{"line":11,"column":30},"end":{"line":11,"column":33}},"loc":{"start":{"line":11,"column":35},"end":{"line":141,"column":1}}},"1":{"name":"(anonymous_11)","decl":{"start":{"line":23,"column":12},"end":{"line":23,"column":15}},"loc":{"start":{"line":23,"column":17},"end":{"line":33,"column":3}}},"2":{"name":"(anonymous_12)","decl":{"start":{"line":24,"column":26},"end":{"line":24,"column":31}},"loc":{"start":{"line":24,"column":37},"end":{"line":30,"column":5}}},"3":{"name":"(anonymous_13)","decl":{"start":{"line":35,"column":12},"end":{"line":35,"column":15}},"loc":{"start":{"line":35,"column":17},"end":{"line":44,"column":3}}},"4":{"name":"(anonymous_14)","decl":{"start":{"line":36,"column":42},"end":{"line":36,"column":47}},"loc":{"start":{"line":36,"column":53},"end":{"line":41,"column":5}}},"5":{"name":"(anonymous_15)","decl":{"start":{"line":46,"column":21},"end":{"line":46,"column":22}},"loc":{"start":{"line":46,"column":38},"end":{"line":48,"column":3}}},"6":{"name":"(anonymous_16)","decl":{"start":{"line":50,"column":23},"end":{"line":50,"column":28}},"loc":{"start":{"line":50,"column":49},"end":{"line":63,"column":3}}},"7":{"name":"(anonymous_17)","decl":{"start":{"line":74,"column":20},"end":{"line":74,"column":21}},"loc":{"start":{"line":74,"column":27},"end":{"line":74,"column":56}}},"8":{"name":"(anonymous_18)","decl":{"start":{"line":82,"column":20},"end":{"line":82,"column":21}},"loc":{"start":{"line":83,"column":10},"end":{"line":84,"column":null}}},"9":{"name":"(anonymous_19)","decl":{"start":{"line":85,"column":21},"end":{"line":85,"column":24}},"loc":{"start":{"line":85,"column":27},"end":{"line":85,"column":50}}},"10":{"name":"(anonymous_20)","decl":{"start":{"line":107,"column":32},"end":{"line":107,"column":33}},"loc":{"start":{"line":108,"column":14},"end":{"line":109,"column":null}}},"11":{"name":"(anonymous_21)","decl":{"start":{"line":124,"column":23},"end":{"line":124,"column":26}},"loc":{"start":{"line":124,"column":29},"end":{"line":124,"column":73}}},"12":{"name":"(anonymous_22)","decl":{"start":{"line":131,"column":23},"end":{"line":131,"column":26}},"loc":{"start":{"line":131,"column":29},"end":{"line":131,"column":82}}}},"branchMap":{"0":{"loc":{"start":{"line":19,"column":26},"end":{"line":19,"column":62}},"type":"binary-expr","locations":[{"start":{"line":19,"column":26},"end":{"line":19,"column":54}},{"start":{"line":19,"column":58},"end":{"line":19,"column":62}}]},"1":{"loc":{"start":{"line":52,"column":4},"end":{"line":52,"column":31}},"type":"if","locations":[{"start":{"line":52,"column":4},"end":{"line":52,"column":31}}]},"2":{"loc":{"start":{"line":87,"column":14},"end":{"line":89,"column":null}},"type":"cond-expr","locations":[{"start":{"line":88,"column":18},"end":{"line":88,"column":64}},{"start":{"line":89,"column":18},"end":{"line":89,"column":null}}]},"3":{"loc":{"start":{"line":98,"column":7},"end":{"line":137,"column":null}},"type":"cond-expr","locations":[{"start":{"line":99,"column":8},"end":{"line":101,"column":null}},{"start":{"line":104,"column":8},"end":{"line":136,"column":null}}]},"4":{"loc":{"start":{"line":112,"column":26},"end":{"line":112,"column":46}},"type":"binary-expr","locations":[{"start":{"line":112,"column":26},"end":{"line":112,"column":36}},{"start":{"line":112,"column":40},"end":{"line":112,"column":46}}]}},"s":{"0":1,"1":1,"2":1,"3":1,"4":1,"5":1,"6":1,"7":16,"8":16,"9":16,"10":16,"11":16,"12":16,"13":16,"14":16,"15":16,"16":16,"17":5,"18":5,"19":5,"20":5,"21":5,"22":5,"23":5,"24":16,"25":5,"26":5,"27":5,"28":5,"29":5,"30":5,"31":16,"32":0,"33":16,"34":0,"35":0,"36":0,"37":0,"38":0,"39":0,"40":0,"41":0,"42":0,"43":0,"44":16,"45":1,"46":112,"47":1,"48":7,"49":1,"50":1,"51":1},"f":{"0":16,"1":5,"2":5,"3":5,"4":5,"5":0,"6":0,"7":1,"8":112,"9":1,"10":7,"11":1,"12":1},"b":{"0":[16,0],"1":[0],"2":[16,96],"3":[9,7],"4":[7,0]}}
,"D:\\MAGIC SOFTWARE PROJECT\\movie_explorer_reactjs_tanya\\src\\pages\\MovieDetail.tsx": {"path":"D:\\MAGIC SOFTWARE PROJECT\\movie_explorer_reactjs_tanya\\src\\pages\\MovieDetail.tsx","statementMap":{"0":{"start":{"line":2,"column":0},"end":{"line":2,"column":51}},"1":{"start":{"line":5,"column":0},"end":{"line":5,"column":58}},"2":{"start":{"line":6,"column":0},"end":{"line":6,"column":26}},"3":{"start":{"line":8,"column":16},"end":{"line":8,"column":71}},"4":{"start":{"line":10,"column":21},"end":{"line":146,"column":1}},"5":{"start":{"line":11,"column":17},"end":{"line":11,"column":28}},"6":{"start":{"line":12,"column":28},"end":{"line":12,"column":47}},"7":{"start":{"line":13,"column":44},"end":{"line":13,"column":63}},"8":{"start":{"line":15,"column":2},"end":{"line":39,"column":11}},"9":{"start":{"line":16,"column":23},"end":{"line":36,"column":5}},"10":{"start":{"line":17,"column":6},"end":{"line":35,"column":7}},"11":{"start":{"line":18,"column":25},"end":{"line":18,"column":53}},"12":{"start":{"line":19,"column":22},"end":{"line":19,"column":66}},"13":{"start":{"line":21,"column":25},"end":{"line":29,"column":null}},"14":{"start":{"line":32,"column":8},"end":{"line":32,"column":32}},"15":{"start":{"line":34,"column":8},"end":{"line":34,"column":52}},"16":{"start":{"line":38,"column":4},"end":{"line":38,"column":17}},"17":{"start":{"line":41,"column":2},"end":{"line":70,"column":14}},"18":{"start":{"line":42,"column":31},"end":{"line":67,"column":5}},"19":{"start":{"line":43,"column":6},"end":{"line":66,"column":7}},"20":{"start":{"line":44,"column":25},"end":{"line":49,"column":10}},"21":{"start":{"line":51,"column":26},"end":{"line":51,"column":46}},"22":{"start":{"line":52,"column":8},"end":{"line":63,"column":9}},"23":{"start":{"line":53,"column":30},"end":{"line":53,"column":95}},"24":{"start":{"line":53,"column":72},"end":{"line":53,"column":94}},"25":{"start":{"line":54,"column":27},"end":{"line":60,"column":null}},"26":{"start":{"line":56,"column":14},"end":{"line":60,"column":61}},"27":{"start":{"line":59,"column":36},"end":{"line":59,"column":58}},"28":{"start":{"line":60,"column":37},"end":{"line":60,"column":60}},"29":{"start":{"line":62,"column":10},"end":{"line":62,"column":37}},"30":{"start":{"line":65,"column":8},"end":{"line":65,"column":61}},"31":{"start":{"line":69,"column":4},"end":{"line":69,"column":36}},"32":{"start":{"line":69,"column":15},"end":{"line":69,"column":36}},"33":{"start":{"line":72,"column":2},"end":{"line":72,"column":70}},"34":{"start":{"line":72,"column":14},"end":{"line":72,"column":70}},"35":{"start":{"line":74,"column":2},"end":{"line":145,"column":4}},"36":{"start":{"line":97,"column":16},"end":{"line":98,"column":null}},"37":{"start":{"line":122,"column":8},"end":{"line":123,"column":null}},"38":{"start":{"line":148,"column":0},"end":{"line":148,"column":28}}},"fnMap":{"0":{"name":"(anonymous_10)","decl":{"start":{"line":10,"column":21},"end":{"line":10,"column":24}},"loc":{"start":{"line":10,"column":26},"end":{"line":146,"column":1}}},"1":{"name":"(anonymous_11)","decl":{"start":{"line":15,"column":12},"end":{"line":15,"column":15}},"loc":{"start":{"line":15,"column":17},"end":{"line":39,"column":3}}},"2":{"name":"(anonymous_12)","decl":{"start":{"line":16,"column":23},"end":{"line":16,"column":28}},"loc":{"start":{"line":16,"column":34},"end":{"line":36,"column":5}}},"3":{"name":"(anonymous_13)","decl":{"start":{"line":41,"column":12},"end":{"line":41,"column":15}},"loc":{"start":{"line":41,"column":17},"end":{"line":70,"column":3}}},"4":{"name":"(anonymous_14)","decl":{"start":{"line":42,"column":31},"end":{"line":42,"column":36}},"loc":{"start":{"line":42,"column":42},"end":{"line":67,"column":5}}},"5":{"name":"(anonymous_15)","decl":{"start":{"line":53,"column":57},"end":{"line":53,"column":58}},"loc":{"start":{"line":53,"column":72},"end":{"line":53,"column":94}}},"6":{"name":"(anonymous_16)","decl":{"start":{"line":55,"column":12},"end":{"line":55,"column":13}},"loc":{"start":{"line":56,"column":14},"end":{"line":60,"column":61}}},"7":{"name":"(anonymous_17)","decl":{"start":{"line":59,"column":21},"end":{"line":59,"column":22}},"loc":{"start":{"line":59,"column":36},"end":{"line":59,"column":58}}},"8":{"name":"(anonymous_18)","decl":{"start":{"line":60,"column":22},"end":{"line":60,"column":23}},"loc":{"start":{"line":60,"column":37},"end":{"line":60,"column":60}}},"9":{"name":"(anonymous_19)","decl":{"start":{"line":96,"column":42},"end":{"line":96,"column":43}},"loc":{"start":{"line":97,"column":16},"end":{"line":98,"column":null}}},"10":{"name":"(anonymous_20)","decl":{"start":{"line":121,"column":25},"end":{"line":121,"column":26}},"loc":{"start":{"line":122,"column":8},"end":{"line":123,"column":null}}}},"branchMap":{"0":{"loc":{"start":{"line":19,"column":22},"end":{"line":19,"column":66}},"type":"cond-expr","locations":[{"start":{"line":19,"column":33},"end":{"line":19,"column":59}},{"start":{"line":19,"column":62},"end":{"line":19,"column":66}}]},"1":{"loc":{"start":{"line":27,"column":18},"end":{"line":27,"column":63}},"type":"binary-expr","locations":[{"start":{"line":27,"column":18},"end":{"line":27,"column":23}},{"start":{"line":27,"column":27},"end":{"line":27,"column":63}}]},"2":{"loc":{"start":{"line":52,"column":8},"end":{"line":63,"column":9}},"type":"if","locations":[{"start":{"line":52,"column":8},"end":{"line":63,"column":9}}]},"3":{"loc":{"start":{"line":56,"column":14},"end":{"line":60,"column":61}},"type":"binary-expr","locations":[{"start":{"line":56,"column":14},"end":{"line":56,"column":31}},{"start":{"line":57,"column":14},"end":{"line":60,"column":61}}]},"4":{"loc":{"start":{"line":69,"column":4},"end":{"line":69,"column":36}},"type":"if","locations":[{"start":{"line":69,"column":4},"end":{"line":69,"column":36}}]},"5":{"loc":{"start":{"line":72,"column":2},"end":{"line":72,"column":70}},"type":"if","locations":[{"start":{"line":72,"column":2},"end":{"line":72,"column":70}}]},"6":{"loc":{"start":{"line":117,"column":1},"end":{"line":137,"column":null}},"type":"binary-expr","locations":[{"start":{"line":117,"column":1},"end":{"line":117,"column":25}},{"start":{"line":118,"column":2},"end":{"line":136,"column":null}}]}},"s":{"0":1,"1":1,"2":1,"3":1,"4":1,"5":9,"6":9,"7":9,"8":9,"9":6,"10":6,"11":6,"12":6,"13":6,"14":5,"15":3,"16":6,"17":9,"18":9,"19":3,"20":3,"21":3,"22":1,"23":1,"24":2,"25":1,"26":0,"27":0,"28":0,"29":1,"30":2,"31":9,"32":3,"33":9,"34":6,"35":3,"36":6,"37":0,"38":1},"f":{"0":9,"1":6,"2":6,"3":9,"4":3,"5":2,"6":0,"7":0,"8":0,"9":6,"10":0},"b":{"0":[5,1],"1":[6,5],"2":[1],"3":[0,0],"4":[3],"5":[6],"6":[3,0]}}
,"D:\\MAGIC SOFTWARE PROJECT\\movie_explorer_reactjs_tanya\\src\\services\\MovieServices.tsx": {"path":"D:\\MAGIC SOFTWARE PROJECT\\movie_explorer_reactjs_tanya\\src\\services\\MovieServices.tsx","statementMap":{"0":{"start":{"line":2,"column":0},"end":{"line":2,"column":26}},"1":{"start":{"line":20,"column":16},"end":{"line":20,"column":71}},"2":{"start":{"line":22,"column":28},"end":{"line":38,"column":1}},"3":{"start":{"line":23,"column":2},"end":{"line":37,"column":3}},"4":{"start":{"line":24,"column":21},"end":{"line":29,"column":6}},"5":{"start":{"line":31,"column":28},"end":{"line":31,"column":48}},"6":{"start":{"line":32,"column":4},"end":{"line":32,"column":43}},"7":{"start":{"line":33,"column":4},"end":{"line":33,"column":18}},"8":{"start":{"line":35,"column":4},"end":{"line":35,"column":59}},"9":{"start":{"line":36,"column":4},"end":{"line":36,"column":14}},"10":{"start":{"line":22,"column":13},"end":{"line":22,"column":28}},"11":{"start":{"line":42,"column":24},"end":{"line":59,"column":1}},"12":{"start":{"line":43,"column":16},"end":{"line":43,"column":45}},"13":{"start":{"line":44,"column":2},"end":{"line":44,"column":21}},"14":{"start":{"line":45,"column":2},"end":{"line":58,"column":3}},"15":{"start":{"line":46,"column":21},"end":{"line":52,"column":6}},"16":{"start":{"line":53,"column":4},"end":{"line":53,"column":23}},"17":{"start":{"line":54,"column":4},"end":{"line":54,"column":31}},"18":{"start":{"line":55,"column":4},"end":{"line":55,"column":25}},"19":{"start":{"line":57,"column":4},"end":{"line":57,"column":16}},"20":{"start":{"line":42,"column":13},"end":{"line":42,"column":24}},"21":{"start":{"line":63,"column":29},"end":{"line":76,"column":1}},"22":{"start":{"line":64,"column":2},"end":{"line":75,"column":3}},"23":{"start":{"line":65,"column":21},"end":{"line":70,"column":6}},"24":{"start":{"line":71,"column":4},"end":{"line":71,"column":32}},"25":{"start":{"line":73,"column":4},"end":{"line":73,"column":51}},"26":{"start":{"line":74,"column":4},"end":{"line":74,"column":14}},"27":{"start":{"line":63,"column":13},"end":{"line":63,"column":29}},"28":{"start":{"line":91,"column":40},"end":{"line":127,"column":3}},"29":{"start":{"line":92,"column":4},"end":{"line":126,"column":5}},"30":{"start":{"line":93,"column":23},"end":{"line":98,"column":8}},"31":{"start":{"line":100,"column":19},"end":{"line":100,"column":32}},"32":{"start":{"line":102,"column":39},"end":{"line":110,"column":8}},"33":{"start":{"line":112,"column":6},"end":{"line":112,"column":48}},"34":{"start":{"line":113,"column":6},"end":{"line":113,"column":23}},"35":{"start":{"line":116,"column":6},"end":{"line":116,"column":61}},"36":{"start":{"line":117,"column":6},"end":{"line":125,"column":8}},"37":{"start":{"line":91,"column":15},"end":{"line":91,"column":40}},"38":{"start":{"line":128,"column":29},"end":{"line":142,"column":3}},"39":{"start":{"line":129,"column":18},"end":{"line":129,"column":47}},"40":{"start":{"line":130,"column":4},"end":{"line":141,"column":5}},"41":{"start":{"line":131,"column":23},"end":{"line":137,"column":8}},"42":{"start":{"line":138,"column":6},"end":{"line":138,"column":27}},"43":{"start":{"line":140,"column":6},"end":{"line":140,"column":18}},"44":{"start":{"line":128,"column":15},"end":{"line":128,"column":29}},"45":{"start":{"line":143,"column":29},"end":{"line":156,"column":3}},"46":{"start":{"line":144,"column":18},"end":{"line":144,"column":47}},"47":{"start":{"line":145,"column":4},"end":{"line":155,"column":5}},"48":{"start":{"line":146,"column":23},"end":{"line":151,"column":8}},"49":{"start":{"line":152,"column":6},"end":{"line":152,"column":27}},"50":{"start":{"line":154,"column":6},"end":{"line":154,"column":18}},"51":{"start":{"line":143,"column":15},"end":{"line":143,"column":29}}},"fnMap":{"0":{"name":"(anonymous_1)","decl":{"start":{"line":22,"column":28},"end":{"line":22,"column":33}},"loc":{"start":{"line":22,"column":57},"end":{"line":38,"column":1}}},"1":{"name":"(anonymous_2)","decl":{"start":{"line":42,"column":24},"end":{"line":42,"column":29}},"loc":{"start":{"line":42,"column":53},"end":{"line":59,"column":1}}},"2":{"name":"(anonymous_3)","decl":{"start":{"line":63,"column":29},"end":{"line":63,"column":34}},"loc":{"start":{"line":63,"column":73},"end":{"line":76,"column":1}}},"3":{"name":"(anonymous_4)","decl":{"start":{"line":91,"column":40},"end":{"line":91,"column":45}},"loc":{"start":{"line":91,"column":91},"end":{"line":127,"column":3}}},"4":{"name":"(anonymous_5)","decl":{"start":{"line":128,"column":29},"end":{"line":128,"column":34}},"loc":{"start":{"line":128,"column":70},"end":{"line":142,"column":3}}},"5":{"name":"(anonymous_6)","decl":{"start":{"line":143,"column":29},"end":{"line":143,"column":34}},"loc":{"start":{"line":143,"column":50},"end":{"line":156,"column":3}}}},"branchMap":{"0":{"loc":{"start":{"line":67,"column":15},"end":{"line":67,"column":38}},"type":"binary-expr","locations":[{"start":{"line":67,"column":15},"end":{"line":67,"column":32}},{"start":{"line":67,"column":36},"end":{"line":67,"column":38}}]},"1":{"loc":{"start":{"line":68,"column":15},"end":{"line":68,"column":43}},"type":"cond-expr","locations":[{"start":{"line":68,"column":33},"end":{"line":68,"column":35}},{"start":{"line":68,"column":38},"end":{"line":68,"column":43}}]},"2":{"loc":{"start":{"line":91,"column":47},"end":{"line":91,"column":63}},"type":"default-arg","locations":[{"start":{"line":91,"column":62},"end":{"line":91,"column":63}}]},"3":{"loc":{"start":{"line":103,"column":16},"end":{"line":103,"column":33}},"type":"binary-expr","locations":[{"start":{"line":103,"column":16},"end":{"line":103,"column":27}},{"start":{"line":103,"column":31},"end":{"line":103,"column":33}}]},"4":{"loc":{"start":{"line":104,"column":20},"end":{"line":109,"column":null}},"type":"binary-expr","locations":[{"start":{"line":104,"column":20},"end":{"line":104,"column":35}},{"start":{"line":104,"column":39},"end":{"line":109,"column":null}}]},"5":{"loc":{"start":{"line":105,"column":24},"end":{"line":105,"column":49}},"type":"binary-expr","locations":[{"start":{"line":105,"column":24},"end":{"line":105,"column":41}},{"start":{"line":105,"column":45},"end":{"line":105,"column":49}}]},"6":{"loc":{"start":{"line":106,"column":23},"end":{"line":106,"column":44}},"type":"binary-expr","locations":[{"start":{"line":106,"column":23},"end":{"line":106,"column":39}},{"start":{"line":106,"column":43},"end":{"line":106,"column":44}}]},"7":{"loc":{"start":{"line":107,"column":23},"end":{"line":107,"column":67}},"type":"binary-expr","locations":[{"start":{"line":107,"column":23},"end":{"line":107,"column":39}},{"start":{"line":107,"column":43},"end":{"line":107,"column":62}},{"start":{"line":107,"column":66},"end":{"line":107,"column":67}}]},"8":{"loc":{"start":{"line":108,"column":20},"end":{"line":108,"column":39}},"type":"binary-expr","locations":[{"start":{"line":108,"column":20},"end":{"line":108,"column":33}},{"start":{"line":108,"column":37},"end":{"line":108,"column":39}}]}},"s":{"0":3,"1":3,"2":3,"3":1,"4":1,"5":0,"6":0,"7":0,"8":0,"9":0,"10":3,"11":3,"12":0,"13":0,"14":0,"15":0,"16":0,"17":0,"18":0,"19":0,"20":3,"21":3,"22":0,"23":0,"24":0,"25":0,"26":0,"27":3,"28":3,"29":0,"30":0,"31":0,"32":0,"33":0,"34":0,"35":0,"36":0,"37":3,"38":3,"39":0,"40":0,"41":0,"42":0,"43":0,"44":3,"45":3,"46":0,"47":0,"48":0,"49":0,"50":0,"51":3},"f":{"0":1,"1":0,"2":0,"3":0,"4":0,"5":0},"b":{"0":[0,0],"1":[0,0],"2":[0],"3":[0,0],"4":[0,0],"5":[0,0],"6":[0,0],"7":[0,0,0],"8":[0,0]}}
,"D:\\MAGIC SOFTWARE PROJECT\\movie_explorer_reactjs_tanya\\src\\services\\Subscription.tsx": {"path":"D:\\MAGIC SOFTWARE PROJECT\\movie_explorer_reactjs_tanya\\src\\services\\Subscription.tsx","statementMap":{"0":{"start":{"line":3,"column":15},"end":{"line":3,"column":56}},"1":{"start":{"line":5,"column":0},"end":{"line":5,"column":26}},"2":{"start":{"line":7,"column":34},"end":{"line":43,"column":1}},"3":{"start":{"line":8,"column":4},"end":{"line":42,"column":5}},"4":{"start":{"line":9,"column":20},"end":{"line":9,"column":49}},"5":{"start":{"line":10,"column":6},"end":{"line":10,"column":45}},"6":{"start":{"line":11,"column":6},"end":{"line":14,"column":7}},"7":{"start":{"line":12,"column":8},"end":{"line":12,"column":44}},"8":{"start":{"line":13,"column":8},"end":{"line":13,"column":57}},"9":{"start":{"line":16,"column":23},"end":{"line":24,"column":null}},"10":{"start":{"line":27,"column":6},"end":{"line":27,"column":50}},"11":{"start":{"line":29,"column":6},"end":{"line":31,"column":7}},"12":{"start":{"line":30,"column":8},"end":{"line":30,"column":45}},"13":{"start":{"line":33,"column":26},"end":{"line":33,"column":107}},"14":{"start":{"line":34,"column":6},"end":{"line":36,"column":7}},"15":{"start":{"line":35,"column":8},"end":{"line":35,"column":65}},"16":{"start":{"line":38,"column":6},"end":{"line":38,"column":25}},"17":{"start":{"line":40,"column":6},"end":{"line":40,"column":59}},"18":{"start":{"line":41,"column":6},"end":{"line":41,"column":74}},"19":{"start":{"line":7,"column":13},"end":{"line":7,"column":34}},"20":{"start":{"line":49,"column":37},"end":{"line":81,"column":3}},"21":{"start":{"line":50,"column":4},"end":{"line":80,"column":5}},"22":{"start":{"line":51,"column":6},"end":{"line":54,"column":7}},"23":{"start":{"line":52,"column":8},"end":{"line":52,"column":44}},"24":{"start":{"line":53,"column":8},"end":{"line":53,"column":53}},"25":{"start":{"line":56,"column":23},"end":{"line":62,"column":null}},"26":{"start":{"line":65,"column":6},"end":{"line":67,"column":7}},"27":{"start":{"line":66,"column":8},"end":{"line":66,"column":45}},"28":{"start":{"line":69,"column":6},"end":{"line":69,"column":27}},"29":{"start":{"line":71,"column":6},"end":{"line":75,"column":9}},"30":{"start":{"line":76,"column":6},"end":{"line":78,"column":7}},"31":{"start":{"line":77,"column":8},"end":{"line":77,"column":94}},"32":{"start":{"line":79,"column":6},"end":{"line":79,"column":54}},"33":{"start":{"line":49,"column":13},"end":{"line":49,"column":37}}},"fnMap":{"0":{"name":"(anonymous_1)","decl":{"start":{"line":7,"column":34},"end":{"line":7,"column":39}},"loc":{"start":{"line":7,"column":78},"end":{"line":43,"column":1}}},"1":{"name":"(anonymous_2)","decl":{"start":{"line":49,"column":37},"end":{"line":49,"column":42}},"loc":{"start":{"line":49,"column":61},"end":{"line":81,"column":3}}}},"branchMap":{"0":{"loc":{"start":{"line":11,"column":6},"end":{"line":14,"column":7}},"type":"if","locations":[{"start":{"line":11,"column":6},"end":{"line":14,"column":7}}]},"1":{"loc":{"start":{"line":29,"column":6},"end":{"line":31,"column":7}},"type":"if","locations":[{"start":{"line":29,"column":6},"end":{"line":31,"column":7}}]},"2":{"loc":{"start":{"line":33,"column":26},"end":{"line":33,"column":107}},"type":"binary-expr","locations":[{"start":{"line":33,"column":26},"end":{"line":33,"column":51}},{"start":{"line":33,"column":55},"end":{"line":33,"column":86}},{"start":{"line":33,"column":90},"end":{"line":33,"column":107}}]},"3":{"loc":{"start":{"line":34,"column":6},"end":{"line":36,"column":7}},"type":"if","locations":[{"start":{"line":34,"column":6},"end":{"line":36,"column":7}}]},"4":{"loc":{"start":{"line":41,"column":22},"end":{"line":41,"column":72}},"type":"binary-expr","locations":[{"start":{"line":41,"column":22},"end":{"line":41,"column":35}},{"start":{"line":41,"column":39},"end":{"line":41,"column":72}}]},"5":{"loc":{"start":{"line":51,"column":6},"end":{"line":54,"column":7}},"type":"if","locations":[{"start":{"line":51,"column":6},"end":{"line":54,"column":7}}]},"6":{"loc":{"start":{"line":65,"column":6},"end":{"line":67,"column":7}},"type":"if","locations":[{"start":{"line":65,"column":6},"end":{"line":67,"column":7}}]},"7":{"loc":{"start":{"line":72,"column":17},"end":{"line":72,"column":73}},"type":"cond-expr","locations":[{"start":{"line":72,"column":42},"end":{"line":72,"column":55}},{"start":{"line":72,"column":58},"end":{"line":72,"column":73}}]},"8":{"loc":{"start":{"line":73,"column":18},"end":{"line":73,"column":78}},"type":"cond-expr","locations":[{"start":{"line":73,"column":46},"end":{"line":73,"column":66}},{"start":{"line":73,"column":69},"end":{"line":73,"column":78}}]},"9":{"loc":{"start":{"line":74,"column":16},"end":{"line":74,"column":78}},"type":"cond-expr","locations":[{"start":{"line":74,"column":44},"end":{"line":74,"column":66}},{"start":{"line":74,"column":69},"end":{"line":74,"column":78}}]},"10":{"loc":{"start":{"line":76,"column":6},"end":{"line":78,"column":7}},"type":"if","locations":[{"start":{"line":76,"column":6},"end":{"line":78,"column":7}}]},"11":{"loc":{"start":{"line":77,"column":24},"end":{"line":77,"column":92}},"type":"binary-expr","locations":[{"start":{"line":77,"column":24},"end":{"line":77,"column":51}},{"start":{"line":77,"column":55},"end":{"line":77,"column":92}}]}},"s":{"0":1,"1":1,"2":1,"3":0,"4":0,"5":0,"6":0,"7":0,"8":0,"9":0,"10":0,"11":0,"12":0,"13":0,"14":0,"15":0,"16":0,"17":0,"18":0,"19":1,"20":1,"21":0,"22":0,"23":0,"24":0,"25":0,"26":0,"27":0,"28":0,"29":0,"30":0,"31":0,"32":0,"33":1},"f":{"0":0,"1":0},"b":{"0":[0],"1":[0],"2":[0,0,0],"3":[0],"4":[0,0],"5":[0],"6":[0],"7":[0,0],"8":[0,0],"9":[0,0],"10":[0],"11":[0,0]}}
,"D:\\MAGIC SOFTWARE PROJECT\\movie_explorer_reactjs_tanya\\src\\services\\UserServices.tsx": {"path":"D:\\MAGIC SOFTWARE PROJECT\\movie_explorer_reactjs_tanya\\src\\services\\UserServices.tsx","statementMap":{"0":{"start":{"line":1,"column":0},"end":{"line":1,"column":26}},"1":{"start":{"line":12,"column":29},"end":{"line":42,"column":5}},"2":{"start":{"line":13,"column":2},"end":{"line":13,"column":47}},"3":{"start":{"line":14,"column":24},"end":{"line":22,"column":null}},"4":{"start":{"line":24,"column":2},"end":{"line":41,"column":9}},"5":{"start":{"line":30,"column":6},"end":{"line":30,"column":54}},"6":{"start":{"line":31,"column":6},"end":{"line":31,"column":27}},"7":{"start":{"line":34,"column":8},"end":{"line":39,"column":9}},"8":{"start":{"line":35,"column":10},"end":{"line":35,"column":63}},"9":{"start":{"line":36,"column":10},"end":{"line":36,"column":103}},"10":{"start":{"line":38,"column":10},"end":{"line":38,"column":57}},"11":{"start":{"line":40,"column":8},"end":{"line":40,"column":20}},"12":{"start":{"line":12,"column":13},"end":{"line":12,"column":29}},"13":{"start":{"line":51,"column":28},"end":{"line":81,"column":1}},"14":{"start":{"line":52,"column":30},"end":{"line":52,"column":37}},"15":{"start":{"line":53,"column":2},"end":{"line":53,"column":40}},"16":{"start":{"line":55,"column":2},"end":{"line":80,"column":3}},"17":{"start":{"line":56,"column":23},"end":{"line":65,"column":null}},"18":{"start":{"line":67,"column":6},"end":{"line":67,"column":50}},"19":{"start":{"line":68,"column":4},"end":{"line":68,"column":57}},"20":{"start":{"line":69,"column":0},"end":{"line":69,"column":51}},"21":{"start":{"line":71,"column":6},"end":{"line":71,"column":67}},"22":{"start":{"line":72,"column":41},"end":{"line":74,"column":null}},"23":{"start":{"line":76,"column":6},"end":{"line":76,"column":26}},"24":{"start":{"line":79,"column":6},"end":{"line":79,"column":62}},"25":{"start":{"line":51,"column":13},"end":{"line":51,"column":28}},"26":{"start":{"line":97,"column":28},"end":{"line":114,"column":1}},"27":{"start":{"line":98,"column":2},"end":{"line":113,"column":3}},"28":{"start":{"line":99,"column":23},"end":{"line":105,"column":12}},"29":{"start":{"line":106,"column":35},"end":{"line":106,"column":48}},"30":{"start":{"line":107,"column":10},"end":{"line":107,"column":48}},"31":{"start":{"line":109,"column":10},"end":{"line":109,"column":24}},"32":{"start":{"line":112,"column":6},"end":{"line":112,"column":43}},"33":{"start":{"line":97,"column":13},"end":{"line":97,"column":28}},"34":{"start":{"line":116,"column":28},"end":{"line":130,"column":1}},"35":{"start":{"line":117,"column":2},"end":{"line":129,"column":3}},"36":{"start":{"line":118,"column":21},"end":{"line":123,"column":6}},"37":{"start":{"line":124,"column":25},"end":{"line":124,"column":38}},"38":{"start":{"line":125,"column":4},"end":{"line":125,"column":46}},"39":{"start":{"line":126,"column":4},"end":{"line":126,"column":17}},"40":{"start":{"line":128,"column":4},"end":{"line":128,"column":61}},"41":{"start":{"line":116,"column":13},"end":{"line":116,"column":28}},"42":{"start":{"line":143,"column":34},"end":{"line":174,"column":1}},"43":{"start":{"line":144,"column":2},"end":{"line":173,"column":3}},"44":{"start":{"line":145,"column":22},"end":{"line":145,"column":51}},"45":{"start":{"line":146,"column":4},"end":{"line":148,"column":5}},"46":{"start":{"line":147,"column":6},"end":{"line":147,"column":85}},"47":{"start":{"line":150,"column":4},"end":{"line":150,"column":69}},"48":{"start":{"line":151,"column":4},"end":{"line":151,"column":48}},"49":{"start":{"line":153,"column":21},"end":{"line":160,"column":6}},"50":{"start":{"line":162,"column":4},"end":{"line":165,"column":5}},"51":{"start":{"line":163,"column":42},"end":{"line":163,"column":81}},"52":{"start":{"line":163,"column":77},"end":{"line":163,"column":79}},"53":{"start":{"line":164,"column":6},"end":{"line":164,"column":138}},"54":{"start":{"line":167,"column":17},"end":{"line":167,"column":38}},"55":{"start":{"line":168,"column":4},"end":{"line":168,"column":68}},"56":{"start":{"line":169,"column":4},"end":{"line":169,"column":16}},"57":{"start":{"line":171,"column":4},"end":{"line":171,"column":67}},"58":{"start":{"line":172,"column":4},"end":{"line":172,"column":16}},"59":{"start":{"line":143,"column":13},"end":{"line":143,"column":34}}},"fnMap":{"0":{"name":"(anonymous_1)","decl":{"start":{"line":12,"column":29},"end":{"line":12,"column":30}},"loc":{"start":{"line":12,"column":56},"end":{"line":42,"column":5}}},"1":{"name":"(anonymous_2)","decl":{"start":{"line":29,"column":10},"end":{"line":29,"column":11}},"loc":{"start":{"line":29,"column":23},"end":{"line":32,"column":5}}},"2":{"name":"(anonymous_3)","decl":{"start":{"line":33,"column":11},"end":{"line":33,"column":12}},"loc":{"start":{"line":33,"column":21},"end":{"line":41,"column":7}}},"3":{"name":"(anonymous_4)","decl":{"start":{"line":51,"column":28},"end":{"line":51,"column":33}},"loc":{"start":{"line":51,"column":83},"end":{"line":81,"column":1}}},"4":{"name":"(anonymous_5)","decl":{"start":{"line":97,"column":28},"end":{"line":97,"column":33}},"loc":{"start":{"line":97,"column":37},"end":{"line":114,"column":1}}},"5":{"name":"(anonymous_6)","decl":{"start":{"line":116,"column":28},"end":{"line":116,"column":33}},"loc":{"start":{"line":116,"column":49},"end":{"line":130,"column":1}}},"6":{"name":"(anonymous_7)","decl":{"start":{"line":143,"column":34},"end":{"line":143,"column":39}},"loc":{"start":{"line":143,"column":78},"end":{"line":174,"column":1}}},"7":{"name":"(anonymous_8)","decl":{"start":{"line":163,"column":70},"end":{"line":163,"column":73}},"loc":{"start":{"line":163,"column":77},"end":{"line":163,"column":79}}}},"branchMap":{"0":{"loc":{"start":{"line":34,"column":8},"end":{"line":39,"column":9}},"type":"if","locations":[{"start":{"line":34,"column":8},"end":{"line":39,"column":9}},{"start":{"line":37,"column":15},"end":{"line":39,"column":9}}]},"1":{"loc":{"start":{"line":34,"column":12},"end":{"line":34,"column":49}},"type":"binary-expr","locations":[{"start":{"line":34,"column":12},"end":{"line":34,"column":26}},{"start":{"line":34,"column":30},"end":{"line":34,"column":49}}]},"2":{"loc":{"start":{"line":36,"column":49},"end":{"line":36,"column":98}},"type":"binary-expr","locations":[{"start":{"line":36,"column":49},"end":{"line":36,"column":75}},{"start":{"line":36,"column":79},"end":{"line":36,"column":98}}]},"3":{"loc":{"start":{"line":146,"column":4},"end":{"line":148,"column":5}},"type":"if","locations":[{"start":{"line":146,"column":4},"end":{"line":148,"column":5}}]},"4":{"loc":{"start":{"line":162,"column":4},"end":{"line":165,"column":5}},"type":"if","locations":[{"start":{"line":162,"column":4},"end":{"line":165,"column":5}}]},"5":{"loc":{"start":{"line":164,"column":98},"end":{"line":164,"column":134}},"type":"binary-expr","locations":[{"start":{"line":164,"column":98},"end":{"line":164,"column":115}},{"start":{"line":164,"column":119},"end":{"line":164,"column":134}}]}},"s":{"0":1,"1":1,"2":0,"3":0,"4":0,"5":0,"6":0,"7":0,"8":0,"9":0,"10":0,"11":0,"12":1,"13":1,"14":1,"15":1,"16":1,"17":1,"18":0,"19":0,"20":0,"21":0,"22":0,"23":0,"24":0,"25":1,"26":1,"27":0,"28":0,"29":0,"30":0,"31":0,"32":0,"33":1,"34":1,"35":0,"36":0,"37":0,"38":0,"39":0,"40":0,"41":1,"42":1,"43":0,"44":0,"45":0,"46":0,"47":0,"48":0,"49":0,"50":0,"51":0,"52":0,"53":0,"54":0,"55":0,"56":0,"57":0,"58":0,"59":1},"f":{"0":0,"1":0,"2":0,"3":1,"4":0,"5":0,"6":0,"7":0},"b":{"0":[0,0],"1":[0,0],"2":[0,0],"3":[0],"4":[0],"5":[0,0]}}
}
