TN:
SF:src\components\Login.tsx
FN:9,(anonymous_9)
FN:16,(anonymous_10)
FN:66,(anonymous_11)
FN:75,(anonymous_12)
FN:81,(anonymous_13)
FN:81,(anonymous_14)
FNF:6
FNH:4
FNDA:14,(anonymous_9)
FNDA:3,(anonymous_10)
FNDA:4,(anonymous_11)
FNDA:4,(anonymous_12)
FNDA:0,(anonymous_13)
FNDA:0,(anonymous_14)
DA:4,1
DA:5,1
DA:6,1
DA:7,1
DA:9,1
DA:10,14
DA:11,14
DA:12,14
DA:13,14
DA:14,14
DA:16,14
DA:17,3
DA:18,3
DA:19,1
DA:22,1
DA:26,2
DA:27,2
DA:28,1
DA:31,1
DA:34,1
DA:35,1
DA:37,1
DA:38,1
DA:39,0
DA:40,0
DA:41,0
DA:42,0
DA:43,0
DA:44,0
DA:46,0
DA:49,0
DA:50,0
DA:52,0
DA:56,14
DA:66,4
DA:75,4
DA:81,0
DA:106,1
LF:38
LH:27
BRDA:18,0,0,1
BRDA:27,1,0,1
BRDA:39,2,0,0
BRDA:39,2,1,0
BRDA:72,3,0,0
BRDA:72,3,1,14
BRDA:83,4,0,0
BRDA:83,4,1,14
BRDA:92,5,0,1
BRDA:92,5,1,13
BRF:10
BRH:6
end_of_record
TN:
SF:src\pages\MovieDetail.tsx
FN:8,(anonymous_10)
FN:13,(anonymous_11)
FN:14,(anonymous_12)
FN:39,(anonymous_13)
FN:40,(anonymous_14)
FN:51,(anonymous_15)
FN:53,(anonymous_16)
FN:57,(anonymous_17)
FN:58,(anonymous_18)
FN:94,(anonymous_19)
FN:119,(anonymous_20)
FNF:11
FNH:4
FNDA:2,(anonymous_10)
FNDA:2,(anonymous_11)
FNDA:2,(anonymous_12)
FNDA:2,(anonymous_13)
FNDA:0,(anonymous_14)
FNDA:0,(anonymous_15)
FNDA:0,(anonymous_16)
FNDA:0,(anonymous_17)
FNDA:0,(anonymous_18)
FNDA:0,(anonymous_19)
FNDA:0,(anonymous_20)
DA:2,1
DA:3,1
DA:4,1
DA:6,1
DA:8,1
DA:9,2
DA:10,2
DA:11,2
DA:13,2
DA:14,2
DA:15,2
DA:16,2
DA:17,2
DA:19,2
DA:30,1
DA:32,2
DA:36,2
DA:39,2
DA:40,2
DA:41,0
DA:42,0
DA:49,0
DA:50,0
DA:51,0
DA:52,0
DA:54,0
DA:57,0
DA:58,0
DA:60,0
DA:63,0
DA:67,2
DA:70,2
DA:72,0
DA:95,0
DA:120,0
DA:146,1
LF:36
LH:22
BRDA:17,0,0,2
BRDA:17,0,1,0
BRDA:25,1,0,2
BRDA:25,1,1,2
BRDA:50,2,0,0
BRDA:54,3,0,0
BRDA:54,3,1,0
BRDA:67,4,0,0
BRDA:70,5,0,2
BRDA:115,6,0,0
BRDA:115,6,1,0
BRF:11
BRH:4
end_of_record
TN:
SF:src\services\UserServices.tsx
FN:12,(anonymous_1)
FN:29,(anonymous_2)
FN:33,(anonymous_3)
FN:68,(anonymous_4)
FN:113,(anonymous_5)
FN:132,(anonymous_6)
FN:158,(anonymous_7)
FN:184,(anonymous_8)
FNF:8
FNH:1
FNDA:0,(anonymous_1)
FNDA:0,(anonymous_2)
FNDA:0,(anonymous_3)
FNDA:1,(anonymous_4)
FNDA:0,(anonymous_5)
FNDA:0,(anonymous_6)
FNDA:0,(anonymous_7)
FNDA:0,(anonymous_8)
DA:1,1
DA:12,1
DA:13,0
DA:14,0
DA:24,0
DA:30,0
DA:31,0
DA:34,0
DA:35,0
DA:36,0
DA:38,0
DA:40,0
DA:68,1
DA:69,1
DA:70,1
DA:72,1
DA:73,1
DA:84,0
DA:85,0
DA:86,0
DA:87,0
DA:88,0
DA:92,0
DA:95,0
DA:113,1
DA:114,0
DA:115,0
DA:122,0
DA:123,0
DA:125,0
DA:128,0
DA:132,1
DA:133,0
DA:134,0
DA:140,0
DA:141,0
DA:142,0
DA:144,0
DA:158,1
DA:159,0
DA:160,0
DA:161,0
DA:162,0
DA:167,0
DA:168,0
DA:171,0
DA:172,0
DA:174,0
DA:183,0
DA:184,0
DA:185,0
DA:188,0
DA:189,0
DA:190,0
DA:192,0
DA:193,0
LF:56
LH:10
BRDA:34,0,0,0
BRDA:34,0,1,0
BRDA:34,1,0,0
BRDA:34,1,1,0
BRDA:36,2,0,0
BRDA:36,2,1,0
BRDA:161,3,0,0
BRDA:167,4,0,0
BRDA:183,5,0,0
BRDA:185,6,0,0
BRDA:185,6,1,0
BRF:11
BRH:0
end_of_record
