TN:
SF:src\components\Footer.tsx
FN:4,(anonymous_0)
FN:21,(anonymous_1)
FN:35,(anonymous_2)
FNF:3
FNH:3
FNDA:8,(anonymous_0)
FNDA:32,(anonymous_1)
FNDA:32,(anonymous_2)
DA:4,1
DA:5,8
DA:22,32
DA:36,32
DA:54,1
LF:5
LH:5
BRF:0
BRH:0
end_of_record
TN:
SF:src\components\Header.tsx
FN:6,(anonymous_0)
FN:12,(anonymous_1)
FN:13,(anonymous_2)
FN:29,(anonymous_3)
FN:31,(anonymous_4)
FN:34,(anonymous_5)
FN:35,(anonymous_6)
FN:41,(anonymous_7)
FN:44,(anonymous_8)
FN:85,(anonymous_9)
FN:85,(anonymous_10)
FNF:11
FNH:7
FNDA:12,(anonymous_0)
FNDA:7,(anonymous_1)
FNDA:7,(anonymous_2)
FNDA:0,(anonymous_3)
FNDA:7,(anonymous_4)
FNDA:7,(anonymous_5)
FNDA:0,(anonymous_6)
FNDA:7,(anonymous_7)
FNDA:1,(anonymous_8)
FNDA:0,(anonymous_9)
FNDA:0,(anonymous_10)
DA:2,1
DA:3,1
DA:4,1
DA:6,1
DA:7,12
DA:8,12
DA:9,12
DA:10,12
DA:12,12
DA:13,7
DA:14,7
DA:15,7
DA:16,5
DA:17,5
DA:18,5
DA:19,5
DA:22,0
DA:27,7
DA:29,7
DA:30,7
DA:31,7
DA:34,12
DA:35,7
DA:36,0
DA:37,0
DA:40,7
DA:41,7
DA:44,12
DA:45,1
DA:46,1
DA:48,1
DA:49,1
DA:51,1
DA:55,12
DA:57,12
DA:85,0
DA:117,1
LF:37
LH:33
BRDA:15,0,0,5
BRDA:18,1,0,5
BRDA:18,2,0,5
BRDA:18,2,1,5
BRDA:36,3,0,0
BRDA:36,4,0,0
BRDA:36,4,1,0
BRDA:61,5,0,4
BRDA:61,5,1,8
BRDA:69,6,0,12
BRDA:69,6,1,11
BRDA:74,7,0,12
BRDA:74,7,1,1
BRDA:93,8,0,0
BRDA:93,8,1,12
BRDA:96,9,0,12
BRDA:96,9,1,8
BRDA:99,10,0,12
BRDA:99,10,1,11
BRDA:102,11,0,12
BRDA:102,11,1,9
BRF:21
BRH:17
end_of_record
TN:
SF:src\components\LandingPage.tsx
FN:7,(anonymous_9)
FN:15,(anonymous_10)
FN:16,(anonymous_11)
FN:67,(anonymous_12)
FN:68,(anonymous_13)
FN:71,(anonymous_14)
FN:72,(anonymous_15)
FN:75,(anonymous_16)
FN:77,(anonymous_17)
FN:80,(anonymous_18)
FN:82,(anonymous_19)
FN:83,(anonymous_20)
FN:86,(anonymous_21)
FN:100,(anonymous_22)
FN:101,(anonymous_23)
FN:144,(anonymous_24)
FN:158,(anonymous_25)
FN:190,(anonymous_26)
FN:195,(anonymous_27)
FNF:19
FNH:13
FNDA:8,(anonymous_9)
FNDA:2,(anonymous_10)
FNDA:2,(anonymous_11)
FNDA:0,(anonymous_12)
FNDA:0,(anonymous_13)
FNDA:0,(anonymous_14)
FNDA:0,(anonymous_15)
FNDA:4,(anonymous_16)
FNDA:4,(anonymous_17)
FNDA:2,(anonymous_18)
FNDA:0,(anonymous_19)
FNDA:2,(anonymous_20)
FNDA:8,(anonymous_21)
FNDA:2,(anonymous_22)
FNDA:2,(anonymous_23)
FNDA:8,(anonymous_24)
FNDA:2,(anonymous_25)
FNDA:12,(anonymous_26)
FNDA:0,(anonymous_27)
DA:2,1
DA:3,1
DA:4,1
DA:5,1
DA:7,1
DA:8,8
DA:9,8
DA:10,8
DA:11,8
DA:12,8
DA:13,8
DA:15,8
DA:16,2
DA:17,2
DA:18,2
DA:19,2
DA:20,2
DA:23,2
DA:24,2
DA:25,0
DA:26,0
DA:27,0
DA:30,0
DA:31,0
DA:32,0
DA:34,0
DA:35,0
DA:36,0
DA:38,0
DA:39,0
DA:40,0
DA:41,0
DA:42,0
DA:43,0
DA:44,0
DA:47,0
DA:48,0
DA:50,0
DA:53,0
DA:56,2
DA:59,0
DA:60,0
DA:64,2
DA:67,8
DA:68,0
DA:71,8
DA:72,0
DA:75,8
DA:76,4
DA:77,4
DA:80,8
DA:81,2
DA:82,2
DA:83,2
DA:86,8
DA:87,8
DA:88,8
DA:90,4
DA:92,4
DA:94,0
DA:96,0
DA:100,8
DA:101,2
DA:102,2
DA:103,2
DA:104,1
DA:106,1
DA:108,2
DA:112,8
DA:113,4
DA:120,4
DA:145,8
DA:158,2
DA:191,12
DA:195,0
DA:206,1
LF:76
LH:49
BRDA:18,0,0,2
BRDA:24,1,0,0
BRDA:24,1,1,2
BRDA:30,2,0,0
BRDA:30,2,1,0
BRDA:30,3,0,0
BRDA:30,3,1,0
BRDA:34,4,0,0
BRDA:34,4,1,0
BRDA:34,5,0,0
BRDA:34,5,1,0
BRDA:39,6,0,0
BRDA:39,6,1,0
BRDA:39,7,0,0
BRDA:39,7,1,0
BRDA:41,8,0,0
BRDA:41,8,1,0
BRDA:41,9,0,0
BRDA:41,9,1,0
BRDA:43,10,0,0
BRDA:88,11,0,4
BRDA:88,11,1,4
BRDA:88,11,2,0
BRDA:88,11,3,0
BRDA:103,12,0,1
BRDA:103,12,1,1
BRDA:112,13,0,4
BRDA:122,14,0,4
BRDA:122,14,1,4
BRDA:147,15,0,4
BRDA:147,15,1,4
BRDA:147,16,0,8
BRDA:147,16,1,8
BRDA:150,17,0,8
BRDA:150,17,1,4
BRDA:153,18,0,1
BRDA:153,18,1,3
BRDA:156,19,0,4
BRDA:156,19,1,4
BRDA:161,20,0,1
BRDA:161,20,1,3
BRDA:196,21,0,4
BRDA:196,21,1,8
BRF:43
BRH:23
end_of_record
TN:
SF:src\components\Login.tsx
FN:10,(anonymous_9)
FN:17,(anonymous_10)
FN:81,(anonymous_11)
FN:90,(anonymous_12)
FN:96,(anonymous_13)
FN:96,(anonymous_14)
FN:113,(anonymous_15)
FNF:7
FNH:7
FNDA:18,(anonymous_9)
FNDA:3,(anonymous_10)
FNDA:4,(anonymous_11)
FNDA:4,(anonymous_12)
FNDA:2,(anonymous_13)
FNDA:2,(anonymous_14)
FNDA:1,(anonymous_15)
DA:2,1
DA:5,1
DA:6,1
DA:7,1
DA:8,1
DA:10,1
DA:11,18
DA:12,18
DA:13,18
DA:14,18
DA:15,18
DA:17,18
DA:18,3
DA:19,3
DA:20,1
DA:23,1
DA:27,2
DA:28,2
DA:29,1
DA:32,1
DA:35,1
DA:36,1
DA:38,1
DA:39,1
DA:40,0
DA:42,0
DA:43,0
DA:45,0
DA:50,0
DA:51,0
DA:53,0
DA:54,0
DA:56,0
DA:59,0
DA:60,0
DA:62,0
DA:71,18
DA:81,4
DA:90,4
DA:96,2
DA:113,1
DA:125,1
LF:42
LH:30
BRDA:19,0,0,1
BRDA:28,1,0,1
BRDA:42,2,0,0
BRDA:42,2,1,0
BRDA:47,3,0,0
BRDA:47,3,1,0
BRDA:47,3,2,0
BRDA:87,4,0,1
BRDA:87,4,1,17
BRDA:98,5,0,1
BRDA:98,5,1,17
BRDA:107,6,0,1
BRDA:107,6,1,17
BRF:13
BRH:8
end_of_record
TN:
SF:src\components\MovieCard.tsx
FN:7,(anonymous_10)
FN:17,(anonymous_11)
FN:26,(anonymous_12)
FN:27,(anonymous_13)
FN:31,(anonymous_14)
FN:32,(anonymous_15)
FN:35,(anonymous_16)
FN:36,(anonymous_17)
FN:47,(anonymous_18)
FN:53,(anonymous_19)
FN:53,(anonymous_20)
FN:62,(anonymous_21)
FN:66,(anonymous_22)
FN:73,(anonymous_23)
FNF:14
FNH:4
FNDA:2,(anonymous_10)
FNDA:1,(anonymous_11)
FNDA:1,(anonymous_12)
FNDA:1,(anonymous_13)
FNDA:0,(anonymous_14)
FNDA:0,(anonymous_15)
FNDA:0,(anonymous_16)
FNDA:0,(anonymous_17)
FNDA:0,(anonymous_18)
FNDA:0,(anonymous_19)
FNDA:0,(anonymous_20)
FNDA:0,(anonymous_21)
FNDA:0,(anonymous_22)
FNDA:0,(anonymous_23)
DA:1,1
DA:2,1
DA:3,1
DA:4,1
DA:5,1
DA:7,1
DA:8,2
DA:9,2
DA:10,2
DA:11,2
DA:12,2
DA:13,2
DA:14,2
DA:15,2
DA:17,2
DA:18,1
DA:19,1
DA:20,1
DA:21,1
DA:22,1
DA:23,1
DA:26,2
DA:27,1
DA:28,1
DA:29,1
DA:30,0
DA:31,0
DA:32,0
DA:35,0
DA:36,0
DA:38,0
DA:40,0
DA:44,1
DA:47,2
DA:48,0
DA:50,0
DA:51,0
DA:52,0
DA:53,0
DA:54,0
DA:56,0
DA:57,0
DA:62,2
DA:63,0
DA:66,2
DA:67,0
DA:69,0
DA:74,0
DA:91,2
DA:92,2
DA:95,0
DA:104,1
LF:52
LH:32
BRDA:19,0,0,1
BRDA:50,1,0,0
BRDA:66,2,0,0
BRDA:67,3,0,0
BRDA:67,3,1,0
BRDA:91,4,0,2
BRF:6
BRH:2
end_of_record
TN:
SF:src\components\MovieItemCard.tsx
FN:14,(anonymous_1)
FN:23,(anonymous_2)
FN:62,(anonymous_3)
FN:72,(anonymous_4)
FNF:4
FNH:4
FNDA:16,(anonymous_1)
FNDA:1,(anonymous_2)
FNDA:1,(anonymous_3)
FNDA:1,(anonymous_4)
DA:1,3
DA:2,3
DA:3,3
DA:5,3
DA:14,3
DA:22,16
DA:23,16
DA:24,1
DA:25,1
DA:26,1
DA:27,1
DA:28,1
DA:30,0
DA:31,0
DA:32,0
DA:34,0
DA:35,0
DA:36,0
DA:38,0
DA:39,0
DA:40,0
DA:42,0
DA:43,0
DA:44,0
DA:46,16
DA:63,1
DA:64,1
DA:73,1
DA:74,1
DA:90,3
LF:30
LH:18
BRDA:25,0,0,1
BRDA:30,1,0,0
BRDA:34,2,0,0
BRDA:38,3,0,0
BRDA:38,4,0,0
BRDA:38,4,1,0
BRDA:54,5,0,16
BRDA:54,5,1,8
BRDA:54,5,2,4
BRDA:54,5,3,3
BRDA:59,6,0,16
BRDA:59,6,1,6
BRF:12
BRH:7
end_of_record
TN:
SF:src\components\Signup.tsx
FN:24,(anonymous_10)
FN:37,(anonymous_11)
FN:44,(anonymous_12)
FN:49,(anonymous_13)
FN:123,(anonymous_14)
FN:210,(anonymous_15)
FNF:6
FNH:5
FNDA:4,(anonymous_10)
FNDA:15,(anonymous_11)
FNDA:3,(anonymous_12)
FNDA:3,(anonymous_13)
FNDA:25,(anonymous_14)
FNDA:0,(anonymous_15)
DA:2,1
DA:3,1
DA:4,1
DA:5,1
DA:6,1
DA:7,1
DA:25,4
DA:26,4
DA:37,4
DA:38,15
DA:39,15
DA:44,4
DA:45,3
DA:49,4
DA:50,3
DA:51,3
DA:53,3
DA:55,3
DA:57,3
DA:58,3
DA:59,0
DA:60,0
DA:61,0
DA:64,3
DA:65,3
DA:66,0
DA:67,0
DA:68,0
DA:71,3
DA:72,0
DA:73,0
DA:74,0
DA:77,3
DA:78,3
DA:79,0
DA:80,0
DA:81,0
DA:84,3
DA:85,1
DA:86,1
DA:87,1
DA:90,2
DA:91,0
DA:92,0
DA:93,0
DA:99,0
DA:107,0
DA:108,0
DA:109,0
DA:110,0
DA:111,0
DA:113,0
DA:116,0
DA:117,0
DA:119,0
DA:124,25
DA:210,0
DA:222,1
DA:224,1
LF:59
LH:33
BRDA:40,0,0,3
BRDA:40,0,1,12
BRDA:45,1,0,3
BRDA:45,1,1,0
BRDA:51,2,0,0
BRDA:58,3,0,0
BRDA:65,4,0,0
BRDA:71,5,0,0
BRDA:78,6,0,0
BRDA:84,7,0,1
BRDA:90,8,0,0
BRDA:109,9,0,0
BRDA:109,9,1,0
BRDA:157,10,0,25
BRDA:157,10,1,10
BRDA:200,11,0,2
BRDA:200,11,1,23
BRDA:203,12,0,2
BRDA:203,12,1,23
BRF:19
BRH:10
end_of_record
TN:
SF:src\pages\FilterPanel.tsx
FN:11,(anonymous_10)
FN:23,(anonymous_11)
FN:24,(anonymous_12)
FN:35,(anonymous_13)
FN:36,(anonymous_14)
FN:46,(anonymous_15)
FN:50,(anonymous_16)
FN:74,(anonymous_17)
FN:82,(anonymous_18)
FN:85,(anonymous_19)
FN:107,(anonymous_20)
FN:124,(anonymous_21)
FN:131,(anonymous_22)
FNF:13
FNH:11
FNDA:16,(anonymous_10)
FNDA:5,(anonymous_11)
FNDA:5,(anonymous_12)
FNDA:5,(anonymous_13)
FNDA:5,(anonymous_14)
FNDA:0,(anonymous_15)
FNDA:0,(anonymous_16)
FNDA:1,(anonymous_17)
FNDA:112,(anonymous_18)
FNDA:1,(anonymous_19)
FNDA:7,(anonymous_20)
FNDA:1,(anonymous_21)
FNDA:1,(anonymous_22)
DA:1,1
DA:2,1
DA:3,1
DA:6,1
DA:7,1
DA:9,1
DA:11,1
DA:12,16
DA:13,16
DA:14,16
DA:15,16
DA:16,16
DA:17,16
DA:19,16
DA:20,16
DA:21,16
DA:23,16
DA:24,5
DA:25,5
DA:26,5
DA:27,5
DA:28,5
DA:29,5
DA:32,5
DA:35,16
DA:36,5
DA:37,5
DA:38,5
DA:39,5
DA:40,5
DA:43,5
DA:46,16
DA:47,0
DA:50,16
DA:51,0
DA:52,0
DA:54,0
DA:55,0
DA:56,0
DA:57,0
DA:58,0
DA:60,0
DA:61,0
DA:65,16
DA:74,1
DA:83,112
DA:85,1
DA:108,7
DA:124,1
DA:131,1
DA:143,1
LF:51
LH:41
BRDA:19,0,0,16
BRDA:19,0,1,0
BRDA:52,1,0,0
BRDA:87,2,0,16
BRDA:87,2,1,96
BRDA:98,3,0,9
BRDA:98,3,1,7
BRDA:112,4,0,7
BRDA:112,4,1,0
BRF:9
BRH:6
end_of_record
TN:
SF:src\pages\MovieDetail.tsx
FN:10,(anonymous_10)
FN:15,(anonymous_11)
FN:16,(anonymous_12)
FN:41,(anonymous_13)
FN:42,(anonymous_14)
FN:53,(anonymous_15)
FN:55,(anonymous_16)
FN:59,(anonymous_17)
FN:60,(anonymous_18)
FN:96,(anonymous_19)
FN:121,(anonymous_20)
FNF:11
FNH:7
FNDA:9,(anonymous_10)
FNDA:6,(anonymous_11)
FNDA:6,(anonymous_12)
FNDA:9,(anonymous_13)
FNDA:3,(anonymous_14)
FNDA:2,(anonymous_15)
FNDA:0,(anonymous_16)
FNDA:0,(anonymous_17)
FNDA:0,(anonymous_18)
FNDA:6,(anonymous_19)
FNDA:0,(anonymous_20)
DA:2,1
DA:5,1
DA:6,1
DA:8,1
DA:10,1
DA:11,9
DA:12,9
DA:13,9
DA:15,9
DA:16,6
DA:17,6
DA:18,6
DA:19,6
DA:21,6
DA:32,5
DA:34,3
DA:38,6
DA:41,9
DA:42,9
DA:43,3
DA:44,3
DA:51,3
DA:52,1
DA:53,2
DA:54,1
DA:56,0
DA:59,0
DA:60,0
DA:62,1
DA:65,2
DA:69,9
DA:72,9
DA:74,3
DA:97,6
DA:122,0
DA:148,1
LF:36
LH:32
BRDA:19,0,0,5
BRDA:19,0,1,1
BRDA:27,1,0,6
BRDA:27,1,1,5
BRDA:52,2,0,1
BRDA:56,3,0,0
BRDA:56,3,1,0
BRDA:69,4,0,3
BRDA:72,5,0,6
BRDA:117,6,0,3
BRDA:117,6,1,0
BRF:11
BRH:8
end_of_record
TN:
SF:src\services\MovieServices.tsx
FN:22,(anonymous_1)
FN:42,(anonymous_2)
FN:63,(anonymous_3)
FN:91,(anonymous_4)
FN:128,(anonymous_5)
FN:143,(anonymous_6)
FNF:6
FNH:1
FNDA:1,(anonymous_1)
FNDA:0,(anonymous_2)
FNDA:0,(anonymous_3)
FNDA:0,(anonymous_4)
FNDA:0,(anonymous_5)
FNDA:0,(anonymous_6)
DA:2,3
DA:20,3
DA:22,3
DA:23,1
DA:24,1
DA:31,0
DA:32,0
DA:33,0
DA:35,0
DA:36,0
DA:42,3
DA:43,0
DA:44,0
DA:45,0
DA:46,0
DA:53,0
DA:54,0
DA:55,0
DA:57,0
DA:63,3
DA:64,0
DA:65,0
DA:71,0
DA:73,0
DA:74,0
DA:91,3
DA:92,0
DA:93,0
DA:100,0
DA:102,0
DA:112,0
DA:113,0
DA:116,0
DA:117,0
DA:128,3
DA:129,0
DA:130,0
DA:131,0
DA:138,0
DA:140,0
DA:143,3
DA:144,0
DA:145,0
DA:146,0
DA:152,0
DA:154,0
LF:46
LH:10
BRDA:67,0,0,0
BRDA:67,0,1,0
BRDA:68,1,0,0
BRDA:68,1,1,0
BRDA:91,2,0,0
BRDA:103,3,0,0
BRDA:103,3,1,0
BRDA:104,4,0,0
BRDA:104,4,1,0
BRDA:105,5,0,0
BRDA:105,5,1,0
BRDA:106,6,0,0
BRDA:106,6,1,0
BRDA:107,7,0,0
BRDA:107,7,1,0
BRDA:107,7,2,0
BRDA:108,8,0,0
BRDA:108,8,1,0
BRF:18
BRH:0
end_of_record
TN:
SF:src\services\Subscription.tsx
FN:7,(anonymous_1)
FN:49,(anonymous_2)
FNF:2
FNH:0
FNDA:0,(anonymous_1)
FNDA:0,(anonymous_2)
DA:3,1
DA:5,1
DA:7,1
DA:8,0
DA:9,0
DA:10,0
DA:11,0
DA:12,0
DA:13,0
DA:16,0
DA:27,0
DA:29,0
DA:30,0
DA:33,0
DA:34,0
DA:35,0
DA:38,0
DA:40,0
DA:41,0
DA:49,1
DA:50,0
DA:51,0
DA:52,0
DA:53,0
DA:56,0
DA:65,0
DA:66,0
DA:69,0
DA:71,0
DA:76,0
DA:77,0
DA:79,0
LF:32
LH:4
BRDA:11,0,0,0
BRDA:29,1,0,0
BRDA:33,2,0,0
BRDA:33,2,1,0
BRDA:33,2,2,0
BRDA:34,3,0,0
BRDA:41,4,0,0
BRDA:41,4,1,0
BRDA:51,5,0,0
BRDA:65,6,0,0
BRDA:72,7,0,0
BRDA:72,7,1,0
BRDA:73,8,0,0
BRDA:73,8,1,0
BRDA:74,9,0,0
BRDA:74,9,1,0
BRDA:76,10,0,0
BRDA:77,11,0,0
BRDA:77,11,1,0
BRF:19
BRH:0
end_of_record
TN:
SF:src\services\UserServices.tsx
FN:12,(anonymous_1)
FN:29,(anonymous_2)
FN:33,(anonymous_3)
FN:51,(anonymous_4)
FN:97,(anonymous_5)
FN:116,(anonymous_6)
FN:143,(anonymous_7)
FN:163,(anonymous_8)
FNF:8
FNH:1
FNDA:0,(anonymous_1)
FNDA:0,(anonymous_2)
FNDA:0,(anonymous_3)
FNDA:1,(anonymous_4)
FNDA:0,(anonymous_5)
FNDA:0,(anonymous_6)
FNDA:0,(anonymous_7)
FNDA:0,(anonymous_8)
DA:1,1
DA:12,1
DA:13,0
DA:14,0
DA:24,0
DA:30,0
DA:31,0
DA:34,0
DA:35,0
DA:36,0
DA:38,0
DA:40,0
DA:51,1
DA:52,1
DA:53,1
DA:55,1
DA:56,1
DA:67,0
DA:68,0
DA:69,0
DA:71,0
DA:72,0
DA:76,0
DA:79,0
DA:97,1
DA:98,0
DA:99,0
DA:106,0
DA:107,0
DA:109,0
DA:112,0
DA:116,1
DA:117,0
DA:118,0
DA:124,0
DA:125,0
DA:126,0
DA:128,0
DA:143,1
DA:144,0
DA:145,0
DA:146,0
DA:147,0
DA:150,0
DA:151,0
DA:153,0
DA:162,0
DA:163,0
DA:164,0
DA:167,0
DA:168,0
DA:169,0
DA:171,0
DA:172,0
LF:54
LH:10
BRDA:34,0,0,0
BRDA:34,0,1,0
BRDA:34,1,0,0
BRDA:34,1,1,0
BRDA:36,2,0,0
BRDA:36,2,1,0
BRDA:146,3,0,0
BRDA:162,4,0,0
BRDA:164,5,0,0
BRDA:164,5,1,0
BRF:10
BRH:0
end_of_record
